2025-11-08 19:13:08,219 INFO  [main] o.e.controller.SocialMediaAppMain : ---- MENU ----
2025-11-08 19:13:08,221 INFO  [main] o.e.controller.SocialMediaAppMain : 1. Register
2025-11-08 19:13:08,221 INFO  [main] o.e.controller.SocialMediaAppMain : 2. Login
2025-11-08 19:13:08,222 INFO  [main] o.e.controller.SocialMediaAppMain : 3. View Profile
2025-11-08 19:13:08,222 INFO  [main] o.e.controller.SocialMediaAppMain : 4. Create Profile
2025-11-08 19:13:08,222 INFO  [main] o.e.controller.SocialMediaAppMain : 5. Update Profile
2025-11-08 19:13:08,222 INFO  [main] o.e.controller.SocialMediaAppMain : 6. Exit
2025-11-08 19:13:08,222 INFO  [main] o.e.controller.SocialMediaAppMain : Enter your choice: 
2025-11-08 19:49:57,531 INFO  [main] o.e.controller.SocialMediaAppMain : ---- MENU ----
2025-11-08 19:49:57,533 INFO  [main] o.e.controller.SocialMediaAppMain : 1. Register
2025-11-08 19:49:57,533 INFO  [main] o.e.controller.SocialMediaAppMain : 2. Login
2025-11-08 19:49:57,533 INFO  [main] o.e.controller.SocialMediaAppMain : 3. View Profile
2025-11-08 19:49:57,534 INFO  [main] o.e.controller.SocialMediaAppMain : 4. Create Profile
2025-11-08 19:49:57,534 INFO  [main] o.e.controller.SocialMediaAppMain : 5. Update Profile
2025-11-08 19:49:57,534 INFO  [main] o.e.controller.SocialMediaAppMain : 10. Exit
2025-11-08 19:49:57,534 INFO  [main] o.e.controller.SocialMediaAppMain : Enter your choice: 
2025-11-08 19:51:00,394 INFO  [main] o.e.controller.SocialMediaAppMain : ---- MENU ----
2025-11-08 19:51:00,395 INFO  [main] o.e.controller.SocialMediaAppMain : 1. Register
2025-11-08 19:51:00,396 INFO  [main] o.e.controller.SocialMediaAppMain : 2. Login
2025-11-08 19:51:00,396 INFO  [main] o.e.controller.SocialMediaAppMain : 3. View Profile
2025-11-08 19:51:00,396 INFO  [main] o.e.controller.SocialMediaAppMain : 4. Create Profile
2025-11-08 19:51:00,396 INFO  [main] o.e.controller.SocialMediaAppMain : 5. Update Profile
2025-11-08 19:51:00,396 INFO  [main] o.e.controller.SocialMediaAppMain : 10. Exit
2025-11-08 19:51:00,396 INFO  [main] o.e.controller.SocialMediaAppMain : Enter your choice: 
2025-11-08 19:51:15,496 INFO  [main] o.e.controller.SocialMediaAppMain : ---- MENU ----
2025-11-08 19:51:15,496 INFO  [main] o.e.controller.SocialMediaAppMain : 1. Register
2025-11-08 19:51:15,497 INFO  [main] o.e.controller.SocialMediaAppMain : 2. Login
2025-11-08 19:51:15,497 INFO  [main] o.e.controller.SocialMediaAppMain : 3. View Profile
2025-11-08 19:51:15,497 INFO  [main] o.e.controller.SocialMediaAppMain : 4. Create Profile
2025-11-08 19:51:15,497 INFO  [main] o.e.controller.SocialMediaAppMain : 5. Update Profile
2025-11-08 19:51:15,497 INFO  [main] o.e.controller.SocialMediaAppMain : 10. Exit
2025-11-08 19:51:15,497 INFO  [main] o.e.controller.SocialMediaAppMain : Enter your choice: 
2025-11-08 19:51:40,124 INFO  [main] o.e.controller.SocialMediaAppMain : ---- MENU ----
2025-11-08 19:51:40,124 INFO  [main] o.e.controller.SocialMediaAppMain : 1. Register
2025-11-08 19:51:40,124 INFO  [main] o.e.controller.SocialMediaAppMain : 2. Login
2025-11-08 19:51:40,125 INFO  [main] o.e.controller.SocialMediaAppMain : 3. View Profile
2025-11-08 19:51:40,125 INFO  [main] o.e.controller.SocialMediaAppMain : 4. Create Profile
2025-11-08 19:51:40,125 INFO  [main] o.e.controller.SocialMediaAppMain : 5. Update Profile
2025-11-08 19:51:40,125 INFO  [main] o.e.controller.SocialMediaAppMain : 10. Exit
2025-11-08 19:51:40,125 INFO  [main] o.e.controller.SocialMediaAppMain : Enter your choice: 
2025-11-08 19:52:11,153 INFO  [main] o.e.controller.SocialMediaAppMain : ---- MENU ----
2025-11-08 19:52:11,153 INFO  [main] o.e.controller.SocialMediaAppMain : 1. Register
2025-11-08 19:52:11,153 INFO  [main] o.e.controller.SocialMediaAppMain : 2. Login
2025-11-08 19:52:11,153 INFO  [main] o.e.controller.SocialMediaAppMain : 3. View Profile
2025-11-08 19:52:11,153 INFO  [main] o.e.controller.SocialMediaAppMain : 4. Create Profile
2025-11-08 19:52:11,153 INFO  [main] o.e.controller.SocialMediaAppMain : 5. Update Profile
2025-11-08 19:52:11,153 INFO  [main] o.e.controller.SocialMediaAppMain : 10. Exit
2025-11-08 19:52:11,153 INFO  [main] o.e.controller.SocialMediaAppMain : Enter your choice: 
2025-11-08 19:52:19,928 INFO  [main] o.e.controller.SocialMediaAppMain : ---- MENU ----
2025-11-08 19:52:19,928 INFO  [main] o.e.controller.SocialMediaAppMain : 1. Register
2025-11-08 19:52:19,929 INFO  [main] o.e.controller.SocialMediaAppMain : 2. Login
2025-11-08 19:52:19,929 INFO  [main] o.e.controller.SocialMediaAppMain : 3. View Profile
2025-11-08 19:52:19,929 INFO  [main] o.e.controller.SocialMediaAppMain : 4. Create Profile
2025-11-08 19:52:19,929 INFO  [main] o.e.controller.SocialMediaAppMain : 5. Update Profile
2025-11-08 19:52:19,929 INFO  [main] o.e.controller.SocialMediaAppMain : 10. Exit
2025-11-08 19:52:19,929 INFO  [main] o.e.controller.SocialMediaAppMain : Enter your choice: 
2025-11-08 21:55:27,600 INFO  [main] o.e.controller.SocialMediaAppMain : ---- MENU ----
2025-11-08 21:55:27,602 INFO  [main] o.e.controller.SocialMediaAppMain : 1. Register
2025-11-08 21:55:27,602 INFO  [main] o.e.controller.SocialMediaAppMain : 2. Login
2025-11-08 21:55:27,602 INFO  [main] o.e.controller.SocialMediaAppMain : 3. View Profile
2025-11-08 21:55:27,603 INFO  [main] o.e.controller.SocialMediaAppMain : 4. Create Profile
2025-11-08 21:55:27,603 INFO  [main] o.e.controller.SocialMediaAppMain : 5. Update Profile
2025-11-08 21:55:27,603 INFO  [main] o.e.controller.SocialMediaAppMain : 10. Exit
2025-11-08 21:55:27,603 INFO  [main] o.e.controller.SocialMediaAppMain : Enter your choice: 
2025-11-08 21:55:48,927 INFO  [main] o.e.controller.SocialMediaAppMain : 
--- User Login ---
2025-11-08 21:55:48,928 INFO  [main] o.e.controller.SocialMediaAppMain : Enter Username: 
2025-11-08 21:55:54,321 INFO  [main] o.e.controller.SocialMediaAppMain : Enter Password: 
2025-11-08 21:56:03,205 INFO  [main] o.e.controller.SocialMediaAppMain : ---- MENU ----
2025-11-08 21:56:03,206 INFO  [main] o.e.controller.SocialMediaAppMain : 1. Register
2025-11-08 21:56:03,206 INFO  [main] o.e.controller.SocialMediaAppMain : 2. Login
2025-11-08 21:56:03,206 INFO  [main] o.e.controller.SocialMediaAppMain : 3. View Profile
2025-11-08 21:56:03,206 INFO  [main] o.e.controller.SocialMediaAppMain : 4. Create Profile
2025-11-08 21:56:03,206 INFO  [main] o.e.controller.SocialMediaAppMain : 5. Update Profile
2025-11-08 21:56:03,206 INFO  [main] o.e.controller.SocialMediaAppMain : 10. Exit
2025-11-08 21:56:03,206 INFO  [main] o.e.controller.SocialMediaAppMain : Enter your choice: 
2025-11-08 21:56:06,346 INFO  [main] o.e.controller.SocialMediaAppMain : 
--- User Login ---
2025-11-08 21:56:06,346 INFO  [main] o.e.controller.SocialMediaAppMain : Enter Username: 
2025-11-08 21:56:08,575 INFO  [main] o.e.controller.SocialMediaAppMain : Enter Password: 
2025-11-08 21:56:20,405 INFO  [main] o.e.controller.SocialMediaAppMain : ---- MENU ----
2025-11-08 21:56:20,406 INFO  [main] o.e.controller.SocialMediaAppMain : 1. Register
2025-11-08 21:56:20,406 INFO  [main] o.e.controller.SocialMediaAppMain : 2. Login
2025-11-08 21:56:20,406 INFO  [main] o.e.controller.SocialMediaAppMain : 3. View Profile
2025-11-08 21:56:20,406 INFO  [main] o.e.controller.SocialMediaAppMain : 4. Create Profile
2025-11-08 21:56:20,406 INFO  [main] o.e.controller.SocialMediaAppMain : 5. Update Profile
2025-11-08 21:56:20,406 INFO  [main] o.e.controller.SocialMediaAppMain : 10. Exit
2025-11-08 21:56:20,406 INFO  [main] o.e.controller.SocialMediaAppMain : Enter your choice: 
2025-11-08 21:56:29,167 INFO  [main] o.e.controller.SocialMediaAppMain : 
--- User Login ---
2025-11-08 21:56:29,168 INFO  [main] o.e.controller.SocialMediaAppMain : Enter Username: 
2025-11-08 21:56:36,845 INFO  [main] o.e.controller.SocialMediaAppMain : Enter Password: 
2025-11-08 21:56:41,020 INFO  [main] o.e.controller.SocialMediaAppMain : ---- MENU ----
2025-11-08 21:56:41,021 INFO  [main] o.e.controller.SocialMediaAppMain : 1. Register
2025-11-08 21:56:41,021 INFO  [main] o.e.controller.SocialMediaAppMain : 2. Login
2025-11-08 21:56:41,021 INFO  [main] o.e.controller.SocialMediaAppMain : 3. View Profile
2025-11-08 21:56:41,021 INFO  [main] o.e.controller.SocialMediaAppMain : 4. Create Profile
2025-11-08 21:56:41,021 INFO  [main] o.e.controller.SocialMediaAppMain : 5. Update Profile
2025-11-08 21:56:41,021 INFO  [main] o.e.controller.SocialMediaAppMain : 10. Exit
2025-11-08 21:56:41,021 INFO  [main] o.e.controller.SocialMediaAppMain : Enter your choice: 
2025-11-08 21:56:56,094 INFO  [main] o.e.controller.SocialMediaAppMain : 
--- View Profile ---
2025-11-08 21:56:56,094 INFO  [main] o.e.controller.SocialMediaAppMain : Enter Username: 
2025-11-08 21:57:33,705 INFO  [main] o.e.controller.SocialMediaAppMain : ---- MENU ----
2025-11-08 21:57:33,706 INFO  [main] o.e.controller.SocialMediaAppMain : 1. Register
2025-11-08 21:57:33,706 INFO  [main] o.e.controller.SocialMediaAppMain : 2. Login
2025-11-08 21:57:33,706 INFO  [main] o.e.controller.SocialMediaAppMain : 3. View Profile
2025-11-08 21:57:33,706 INFO  [main] o.e.controller.SocialMediaAppMain : 4. Create Profile
2025-11-08 21:57:33,706 INFO  [main] o.e.controller.SocialMediaAppMain : 5. Update Profile
2025-11-08 21:57:33,706 INFO  [main] o.e.controller.SocialMediaAppMain : 10. Exit
2025-11-08 21:57:33,706 INFO  [main] o.e.controller.SocialMediaAppMain : Enter your choice: 
2025-11-08 22:53:20,353 INFO  [main] o.e.controller.SocialMediaAppMain : ---- MENU ----
2025-11-08 22:53:20,355 INFO  [main] o.e.controller.SocialMediaAppMain : 1. Register
2025-11-08 22:53:20,355 INFO  [main] o.e.controller.SocialMediaAppMain : 2. Login
2025-11-08 22:53:20,355 INFO  [main] o.e.controller.SocialMediaAppMain : 3. View Profile
2025-11-08 22:53:20,355 INFO  [main] o.e.controller.SocialMediaAppMain : 4. Create Profile
2025-11-08 22:53:20,355 INFO  [main] o.e.controller.SocialMediaAppMain : 5. Update Profile
2025-11-08 22:53:20,355 INFO  [main] o.e.controller.SocialMediaAppMain : 10. Exit
2025-11-08 22:53:20,355 INFO  [main] o.e.controller.SocialMediaAppMain : Enter your choice: 
2025-11-08 22:54:05,631 INFO  [main] o.e.controller.SocialMediaAppMain : ---- MENU ----
2025-11-08 22:54:05,633 INFO  [main] o.e.controller.SocialMediaAppMain : 1. Register
2025-11-08 22:54:05,633 INFO  [main] o.e.controller.SocialMediaAppMain : 2. Login
2025-11-08 22:54:05,633 INFO  [main] o.e.controller.SocialMediaAppMain : 3. View Profile
2025-11-08 22:54:05,633 INFO  [main] o.e.controller.SocialMediaAppMain : 4. Create Profile
2025-11-08 22:54:05,633 INFO  [main] o.e.controller.SocialMediaAppMain : 5. Update Profile
2025-11-08 22:54:05,633 INFO  [main] o.e.controller.SocialMediaAppMain : 10. Exit
2025-11-08 22:54:05,634 INFO  [main] o.e.controller.SocialMediaAppMain : Enter your choice: 
2025-11-08 22:56:26,943 INFO  [main] o.e.controller.SocialMediaAppMain : ---- MENU ----
2025-11-08 22:56:26,954 INFO  [main] o.e.controller.SocialMediaAppMain : 1. Register
2025-11-08 22:56:26,954 INFO  [main] o.e.controller.SocialMediaAppMain : 2. Login
2025-11-08 22:56:26,954 INFO  [main] o.e.controller.SocialMediaAppMain : 3. View Profile
2025-11-08 22:56:26,954 INFO  [main] o.e.controller.SocialMediaAppMain : 4. Create Profile
2025-11-08 22:56:26,954 INFO  [main] o.e.controller.SocialMediaAppMain : 5. Update Profile
2025-11-08 22:56:26,955 INFO  [main] o.e.controller.SocialMediaAppMain : 13. Exit
2025-11-08 22:56:26,955 INFO  [main] o.e.controller.SocialMediaAppMain : Enter your choice: 
2025-11-08 23:10:52,687 INFO  [main] o.e.controller.SocialMediaAppMain : =========== SOCIAL MEDIA APP ===========
2025-11-08 23:15:39,234 INFO  [main] o.e.controller.SocialMediaAppMain : =========== SOCIAL MEDIA APP ===========
2025-11-08 23:24:35,015 INFO  [main] o.e.controller.SocialMediaAppMain : =========== SOCIAL MEDIA APP ===========
2025-11-08 23:27:22,619 INFO  [main] o.e.controller.SocialMediaAppMain : =========== SOCIAL MEDIA APP ===========
