2025-11-12 00:01:11,951 INFO  [main] o.e.controller.SocialMediaAppMain : Author: keshav
2025-11-12 00:01:11,954 INFO  [main] o.e.controller.SocialMediaAppMain : Content: Sometimes hard times will teach you the bettertimes.
2025-11-12 00:01:11,955 INFO  [main] o.e.controller.SocialMediaAppMain : Likes: 1
2025-11-12 00:01:11,955 INFO  [main] o.e.controller.SocialMediaAppMain : Comments: 1
2025-11-12 00:01:11,955 INFO  [main] o.e.controller.SocialMediaAppMain : Post ID: 69133baa2bc58a7bce18f39b
2025-11-12 00:01:11,955 INFO  [main] o.e.controller.SocialMediaAppMain : ---------------------------------------
2025-11-12 00:01:11,955 INFO  [main] o.e.controller.SocialMediaAppMain : Author: charanreddy
2025-11-12 00:01:11,955 INFO  [main] o.e.controller.SocialMediaAppMain : Content: All Godd....
2025-11-12 00:01:11,955 INFO  [main] o.e.controller.SocialMediaAppMain : Likes: 0
2025-11-12 00:01:11,955 INFO  [main] o.e.controller.SocialMediaAppMain : Comments: 0
2025-11-12 00:01:11,955 INFO  [main] o.e.controller.SocialMediaAppMain : Post ID: 69137e991164031bf819612b
2025-11-12 00:01:11,955 INFO  [main] o.e.controller.SocialMediaAppMain : ---------------------------------------
2025-11-12 00:01:11,955 INFO  [main] o.e.controller.SocialMediaAppMain : 
------ SOCIAL MENU (Logged in as charanreddy) ------
2025-11-12 00:01:11,955 INFO  [main] o.e.controller.SocialMediaAppMain : 1. View Profile
2025-11-12 00:01:11,955 INFO  [main] o.e.controller.SocialMediaAppMain : 2. Create Profile
2025-11-12 00:01:11,955 INFO  [main] o.e.controller.SocialMediaAppMain : 3. Update Profile
2025-11-12 00:01:11,955 INFO  [main] o.e.controller.SocialMediaAppMain : 4. Send Friend Request
2025-11-12 00:01:11,955 INFO  [main] o.e.controller.SocialMediaAppMain : 5. View Pending Requests
2025-11-12 00:01:11,955 INFO  [main] o.e.controller.SocialMediaAppMain : 6. Accept Friend Request
2025-11-12 00:01:11,955 INFO  [main] o.e.controller.SocialMediaAppMain : 7. Follow User
2025-11-12 00:01:11,955 INFO  [main] o.e.controller.SocialMediaAppMain : 8. Unfollow User
2025-11-12 00:01:11,955 INFO  [main] o.e.controller.SocialMediaAppMain : 9. View Followers
2025-11-12 00:01:11,955 INFO  [main] o.e.controller.SocialMediaAppMain : 10. View Following
2025-11-12 00:01:11,955 INFO  [main] o.e.controller.SocialMediaAppMain : 11. Create Post
2025-11-12 00:01:11,955 INFO  [main] o.e.controller.SocialMediaAppMain : 12. Create Post with Image
2025-11-12 00:01:11,955 INFO  [main] o.e.controller.SocialMediaAppMain : 13. View Feed
2025-11-12 00:01:11,955 INFO  [main] o.e.controller.SocialMediaAppMain : 14. Like a Post
2025-11-12 00:01:11,955 INFO  [main] o.e.controller.SocialMediaAppMain : 15. Comment on a Post
2025-11-12 00:01:11,955 INFO  [main] o.e.controller.SocialMediaAppMain : 16. Logout
2025-11-12 00:01:11,955 INFO  [main] o.e.controller.SocialMediaAppMain : Enter your choice: 
2025-11-12 00:02:03,177 INFO  [main] o.e.controller.SocialMediaAppMain : Enter post content: 
2025-11-12 00:02:21,070 INFO  [main] o.e.controller.SocialMediaAppMain : Enter image file path (e.g., C:\images\pic1.jpg): 
2025-11-12 00:03:46,729 INFO  [main] o.e.controller.SocialMediaAppMain : 
------ SOCIAL MENU (Logged in as charanreddy) ------
2025-11-12 00:03:46,729 INFO  [main] o.e.controller.SocialMediaAppMain : 1. View Profile
2025-11-12 00:03:46,729 INFO  [main] o.e.controller.SocialMediaAppMain : 2. Create Profile
2025-11-12 00:03:46,729 INFO  [main] o.e.controller.SocialMediaAppMain : 3. Update Profile
2025-11-12 00:03:46,729 INFO  [main] o.e.controller.SocialMediaAppMain : 4. Send Friend Request
2025-11-12 00:03:46,729 INFO  [main] o.e.controller.SocialMediaAppMain : 5. View Pending Requests
2025-11-12 00:03:46,729 INFO  [main] o.e.controller.SocialMediaAppMain : 6. Accept Friend Request
2025-11-12 00:03:46,729 INFO  [main] o.e.controller.SocialMediaAppMain : 7. Follow User
2025-11-12 00:03:46,729 INFO  [main] o.e.controller.SocialMediaAppMain : 8. Unfollow User
2025-11-12 00:03:46,729 INFO  [main] o.e.controller.SocialMediaAppMain : 9. View Followers
2025-11-12 00:03:46,729 INFO  [main] o.e.controller.SocialMediaAppMain : 10. View Following
2025-11-12 00:03:46,729 INFO  [main] o.e.controller.SocialMediaAppMain : 11. Create Post
2025-11-12 00:03:46,729 INFO  [main] o.e.controller.SocialMediaAppMain : 12. Create Post with Image
2025-11-12 00:03:46,729 INFO  [main] o.e.controller.SocialMediaAppMain : 13. View Feed
2025-11-12 00:03:46,729 INFO  [main] o.e.controller.SocialMediaAppMain : 14. Like a Post
2025-11-12 00:03:46,729 INFO  [main] o.e.controller.SocialMediaAppMain : 15. Comment on a Post
2025-11-12 00:03:46,729 INFO  [main] o.e.controller.SocialMediaAppMain : 16. Logout
2025-11-12 00:03:46,729 INFO  [main] o.e.controller.SocialMediaAppMain : Enter your choice: 
2025-11-12 00:04:17,397 INFO  [main] o.e.controller.SocialMediaAppMain : Enter post content: 
2025-11-12 00:04:23,580 INFO  [main] o.e.controller.SocialMediaAppMain : Enter image file path (e.g., C:\images\pic1.jpg): 
2025-11-12 00:05:16,468 INFO  [main] o.e.controller.SocialMediaAppMain : 
------ SOCIAL MENU (Logged in as charanreddy) ------
2025-11-12 00:05:16,468 INFO  [main] o.e.controller.SocialMediaAppMain : 1. View Profile
2025-11-12 00:05:16,468 INFO  [main] o.e.controller.SocialMediaAppMain : 2. Create Profile
2025-11-12 00:05:16,468 INFO  [main] o.e.controller.SocialMediaAppMain : 3. Update Profile
2025-11-12 00:05:16,468 INFO  [main] o.e.controller.SocialMediaAppMain : 4. Send Friend Request
2025-11-12 00:05:16,468 INFO  [main] o.e.controller.SocialMediaAppMain : 5. View Pending Requests
2025-11-12 00:05:16,468 INFO  [main] o.e.controller.SocialMediaAppMain : 6. Accept Friend Request
2025-11-12 00:05:16,468 INFO  [main] o.e.controller.SocialMediaAppMain : 7. Follow User
2025-11-12 00:05:16,468 INFO  [main] o.e.controller.SocialMediaAppMain : 8. Unfollow User
2025-11-12 00:05:16,468 INFO  [main] o.e.controller.SocialMediaAppMain : 9. View Followers
2025-11-12 00:05:16,468 INFO  [main] o.e.controller.SocialMediaAppMain : 10. View Following
2025-11-12 00:05:16,468 INFO  [main] o.e.controller.SocialMediaAppMain : 11. Create Post
2025-11-12 00:05:16,468 INFO  [main] o.e.controller.SocialMediaAppMain : 12. Create Post with Image
2025-11-12 00:05:16,468 INFO  [main] o.e.controller.SocialMediaAppMain : 13. View Feed
2025-11-12 00:05:16,468 INFO  [main] o.e.controller.SocialMediaAppMain : 14. Like a Post
2025-11-12 00:05:16,468 INFO  [main] o.e.controller.SocialMediaAppMain : 15. Comment on a Post
2025-11-12 00:05:16,468 INFO  [main] o.e.controller.SocialMediaAppMain : 16. Logout
2025-11-12 00:05:16,468 INFO  [main] o.e.controller.SocialMediaAppMain : Enter your choice: 
2025-11-12 00:05:29,406 INFO  [main] o.e.controller.SocialMediaAppMain : Author: keshav
2025-11-12 00:05:29,406 INFO  [main] o.e.controller.SocialMediaAppMain : Content: Sometimes hard times will teach you the bettertimes.
2025-11-12 00:05:29,406 INFO  [main] o.e.controller.SocialMediaAppMain : Likes: 1
2025-11-12 00:05:29,406 INFO  [main] o.e.controller.SocialMediaAppMain : Comments: 1
2025-11-12 00:05:29,406 INFO  [main] o.e.controller.SocialMediaAppMain : Post ID: 69133baa2bc58a7bce18f39b
2025-11-12 00:05:29,406 INFO  [main] o.e.controller.SocialMediaAppMain : ---------------------------------------
2025-11-12 00:05:29,406 INFO  [main] o.e.controller.SocialMediaAppMain : Author: charanreddy
2025-11-12 00:05:29,406 INFO  [main] o.e.controller.SocialMediaAppMain : Content: All Godd....
2025-11-12 00:05:29,406 INFO  [main] o.e.controller.SocialMediaAppMain : Likes: 0
2025-11-12 00:05:29,406 INFO  [main] o.e.controller.SocialMediaAppMain : Comments: 0
2025-11-12 00:05:29,406 INFO  [main] o.e.controller.SocialMediaAppMain : Post ID: 69137e991164031bf819612b
2025-11-12 00:05:29,406 INFO  [main] o.e.controller.SocialMediaAppMain : ---------------------------------------
2025-11-12 00:05:29,406 INFO  [main] o.e.controller.SocialMediaAppMain : Author: charanreddy
2025-11-12 00:05:29,406 INFO  [main] o.e.controller.SocialMediaAppMain : Content: Stay high.....
2025-11-12 00:05:29,406 INFO  [main] o.e.controller.SocialMediaAppMain : Likes: 0
2025-11-12 00:05:29,406 INFO  [main] o.e.controller.SocialMediaAppMain : Comments: 0
2025-11-12 00:05:29,406 INFO  [main] o.e.controller.SocialMediaAppMain : Post ID: 6913818a1164031bf819612c
2025-11-12 00:05:29,406 INFO  [main] o.e.controller.SocialMediaAppMain : ---------------------------------------
2025-11-12 00:05:29,406 INFO  [main] o.e.controller.SocialMediaAppMain : Author: charanreddy
2025-11-12 00:05:29,406 INFO  [main] o.e.controller.SocialMediaAppMain : Content: good
2025-11-12 00:05:29,406 INFO  [main] o.e.controller.SocialMediaAppMain : Likes: 0
2025-11-12 00:05:29,406 INFO  [main] o.e.controller.SocialMediaAppMain : Comments: 0
2025-11-12 00:05:29,406 INFO  [main] o.e.controller.SocialMediaAppMain : Post ID: 691381e41164031bf819612d
2025-11-12 00:05:29,406 INFO  [main] o.e.controller.SocialMediaAppMain : ---------------------------------------
2025-11-12 00:05:29,406 INFO  [main] o.e.controller.SocialMediaAppMain : 
------ SOCIAL MENU (Logged in as charanreddy) ------
2025-11-12 00:05:29,406 INFO  [main] o.e.controller.SocialMediaAppMain : 1. View Profile
2025-11-12 00:05:29,406 INFO  [main] o.e.controller.SocialMediaAppMain : 2. Create Profile
2025-11-12 00:05:29,406 INFO  [main] o.e.controller.SocialMediaAppMain : 3. Update Profile
2025-11-12 00:05:29,406 INFO  [main] o.e.controller.SocialMediaAppMain : 4. Send Friend Request
2025-11-12 00:05:29,406 INFO  [main] o.e.controller.SocialMediaAppMain : 5. View Pending Requests
2025-11-12 00:05:29,406 INFO  [main] o.e.controller.SocialMediaAppMain : 6. Accept Friend Request
2025-11-12 00:05:29,406 INFO  [main] o.e.controller.SocialMediaAppMain : 7. Follow User
2025-11-12 00:05:29,406 INFO  [main] o.e.controller.SocialMediaAppMain : 8. Unfollow User
2025-11-12 00:05:29,406 INFO  [main] o.e.controller.SocialMediaAppMain : 9. View Followers
2025-11-12 00:05:29,406 INFO  [main] o.e.controller.SocialMediaAppMain : 10. View Following
2025-11-12 00:05:29,406 INFO  [main] o.e.controller.SocialMediaAppMain : 11. Create Post
2025-11-12 00:05:29,406 INFO  [main] o.e.controller.SocialMediaAppMain : 12. Create Post with Image
2025-11-12 00:05:29,406 INFO  [main] o.e.controller.SocialMediaAppMain : 13. View Feed
2025-11-12 00:05:29,406 INFO  [main] o.e.controller.SocialMediaAppMain : 14. Like a Post
2025-11-12 00:05:29,406 INFO  [main] o.e.controller.SocialMediaAppMain : 15. Comment on a Post
2025-11-12 00:05:29,406 INFO  [main] o.e.controller.SocialMediaAppMain : 16. Logout
2025-11-12 00:05:29,406 INFO  [main] o.e.controller.SocialMediaAppMain : Enter your choice: 
2025-11-12 00:24:48,762 INFO  [main] o.e.controller.SocialMediaAppMain : Author: keshav
2025-11-12 00:24:48,762 INFO  [main] o.e.controller.SocialMediaAppMain : Content: Sometimes hard times will teach you the bettertimes.
2025-11-12 00:24:48,762 INFO  [main] o.e.controller.SocialMediaAppMain : Likes: 1
2025-11-12 00:24:48,762 INFO  [main] o.e.controller.SocialMediaAppMain : Comments: 1
2025-11-12 00:24:48,762 INFO  [main] o.e.controller.SocialMediaAppMain : Post ID: 69133baa2bc58a7bce18f39b
2025-11-12 00:24:48,762 INFO  [main] o.e.controller.SocialMediaAppMain : ---------------------------------------
2025-11-12 00:24:48,763 INFO  [main] o.e.controller.SocialMediaAppMain : Author: charanreddy
2025-11-12 00:24:48,763 INFO  [main] o.e.controller.SocialMediaAppMain : Content: All Godd....
2025-11-12 00:24:48,763 INFO  [main] o.e.controller.SocialMediaAppMain : Likes: 0
2025-11-12 00:24:48,763 INFO  [main] o.e.controller.SocialMediaAppMain : Comments: 0
2025-11-12 00:24:48,763 INFO  [main] o.e.controller.SocialMediaAppMain : Post ID: 69137e991164031bf819612b
2025-11-12 00:24:48,763 INFO  [main] o.e.controller.SocialMediaAppMain : ---------------------------------------
2025-11-12 00:24:48,763 INFO  [main] o.e.controller.SocialMediaAppMain : Author: charanreddy
2025-11-12 00:24:48,763 INFO  [main] o.e.controller.SocialMediaAppMain : Content: Stay high.....
2025-11-12 00:24:48,763 INFO  [main] o.e.controller.SocialMediaAppMain : Likes: 0
2025-11-12 00:24:48,763 INFO  [main] o.e.controller.SocialMediaAppMain : Comments: 0
2025-11-12 00:24:48,763 INFO  [main] o.e.controller.SocialMediaAppMain : Post ID: 6913818a1164031bf819612c
2025-11-12 00:24:48,763 INFO  [main] o.e.controller.SocialMediaAppMain : ---------------------------------------
2025-11-12 00:24:48,763 INFO  [main] o.e.controller.SocialMediaAppMain : Author: charanreddy
2025-11-12 00:24:48,763 INFO  [main] o.e.controller.SocialMediaAppMain : Content: good
2025-11-12 00:24:48,763 INFO  [main] o.e.controller.SocialMediaAppMain : Likes: 0
2025-11-12 00:24:48,763 INFO  [main] o.e.controller.SocialMediaAppMain : Comments: 0
2025-11-12 00:24:48,763 INFO  [main] o.e.controller.SocialMediaAppMain : Post ID: 691381e41164031bf819612d
2025-11-12 00:24:48,763 INFO  [main] o.e.controller.SocialMediaAppMain : ---------------------------------------
2025-11-12 00:24:48,763 INFO  [main] o.e.controller.SocialMediaAppMain : 
------ SOCIAL MENU (Logged in as charanreddy) ------
2025-11-12 00:24:48,763 INFO  [main] o.e.controller.SocialMediaAppMain : 1. View Profile
2025-11-12 00:24:48,763 INFO  [main] o.e.controller.SocialMediaAppMain : 2. Create Profile
2025-11-12 00:24:48,763 INFO  [main] o.e.controller.SocialMediaAppMain : 3. Update Profile
2025-11-12 00:24:48,763 INFO  [main] o.e.controller.SocialMediaAppMain : 4. Send Friend Request
2025-11-12 00:24:48,763 INFO  [main] o.e.controller.SocialMediaAppMain : 5. View Pending Requests
2025-11-12 00:24:48,763 INFO  [main] o.e.controller.SocialMediaAppMain : 6. Accept Friend Request
2025-11-12 00:24:48,763 INFO  [main] o.e.controller.SocialMediaAppMain : 7. Follow User
2025-11-12 00:24:48,763 INFO  [main] o.e.controller.SocialMediaAppMain : 8. Unfollow User
2025-11-12 00:24:48,763 INFO  [main] o.e.controller.SocialMediaAppMain : 9. View Followers
2025-11-12 00:24:48,763 INFO  [main] o.e.controller.SocialMediaAppMain : 10. View Following
2025-11-12 00:24:48,763 INFO  [main] o.e.controller.SocialMediaAppMain : 11. Create Post
2025-11-12 00:24:48,763 INFO  [main] o.e.controller.SocialMediaAppMain : 12. Create Post with Image
2025-11-12 00:24:48,763 INFO  [main] o.e.controller.SocialMediaAppMain : 13. View Feed
2025-11-12 00:24:48,763 INFO  [main] o.e.controller.SocialMediaAppMain : 14. Like a Post
2025-11-12 00:24:48,763 INFO  [main] o.e.controller.SocialMediaAppMain : 15. Comment on a Post
2025-11-12 00:24:48,763 INFO  [main] o.e.controller.SocialMediaAppMain : 16. Logout
2025-11-12 00:24:48,763 INFO  [main] o.e.controller.SocialMediaAppMain : Enter your choice: 
2025-11-12 00:26:45,459 INFO  [main] o.e.controller.SocialMediaAppMain : Enter username to follow: 
2025-11-12 00:26:55,377 INFO  [main] o.e.controller.SocialMediaAppMain : You are now following this user!
2025-11-12 00:26:55,377 INFO  [main] o.e.controller.SocialMediaAppMain : 
------ SOCIAL MENU (Logged in as charanreddy) ------
2025-11-12 00:26:55,377 INFO  [main] o.e.controller.SocialMediaAppMain : 1. View Profile
2025-11-12 00:26:55,377 INFO  [main] o.e.controller.SocialMediaAppMain : 2. Create Profile
2025-11-12 00:26:55,377 INFO  [main] o.e.controller.SocialMediaAppMain : 3. Update Profile
2025-11-12 00:26:55,377 INFO  [main] o.e.controller.SocialMediaAppMain : 4. Send Friend Request
2025-11-12 00:26:55,377 INFO  [main] o.e.controller.SocialMediaAppMain : 5. View Pending Requests
2025-11-12 00:26:55,377 INFO  [main] o.e.controller.SocialMediaAppMain : 6. Accept Friend Request
2025-11-12 00:26:55,377 INFO  [main] o.e.controller.SocialMediaAppMain : 7. Follow User
2025-11-12 00:26:55,377 INFO  [main] o.e.controller.SocialMediaAppMain : 8. Unfollow User
2025-11-12 00:26:55,377 INFO  [main] o.e.controller.SocialMediaAppMain : 9. View Followers
2025-11-12 00:26:55,377 INFO  [main] o.e.controller.SocialMediaAppMain : 10. View Following
2025-11-12 00:26:55,377 INFO  [main] o.e.controller.SocialMediaAppMain : 11. Create Post
2025-11-12 00:26:55,377 INFO  [main] o.e.controller.SocialMediaAppMain : 12. Create Post with Image
2025-11-12 00:26:55,377 INFO  [main] o.e.controller.SocialMediaAppMain : 13. View Feed
2025-11-12 00:26:55,377 INFO  [main] o.e.controller.SocialMediaAppMain : 14. Like a Post
2025-11-12 00:26:55,377 INFO  [main] o.e.controller.SocialMediaAppMain : 15. Comment on a Post
2025-11-12 00:26:55,377 INFO  [main] o.e.controller.SocialMediaAppMain : 16. Logout
2025-11-12 00:26:55,377 INFO  [main] o.e.controller.SocialMediaAppMain : Enter your choice: 
2025-11-12 00:27:04,705 INFO  [main] o.e.controller.SocialMediaAppMain : Enter username to follow: 
2025-11-12 00:27:08,495 INFO  [main] o.e.controller.SocialMediaAppMain : You cannot follow yourself!
2025-11-12 00:27:08,495 INFO  [main] o.e.controller.SocialMediaAppMain : 
------ SOCIAL MENU (Logged in as charanreddy) ------
2025-11-12 00:27:08,495 INFO  [main] o.e.controller.SocialMediaAppMain : 1. View Profile
2025-11-12 00:27:08,495 INFO  [main] o.e.controller.SocialMediaAppMain : 2. Create Profile
2025-11-12 00:27:08,495 INFO  [main] o.e.controller.SocialMediaAppMain : 3. Update Profile
2025-11-12 00:27:08,495 INFO  [main] o.e.controller.SocialMediaAppMain : 4. Send Friend Request
2025-11-12 00:27:08,495 INFO  [main] o.e.controller.SocialMediaAppMain : 5. View Pending Requests
2025-11-12 00:27:08,495 INFO  [main] o.e.controller.SocialMediaAppMain : 6. Accept Friend Request
2025-11-12 00:27:08,495 INFO  [main] o.e.controller.SocialMediaAppMain : 7. Follow User
2025-11-12 00:27:08,495 INFO  [main] o.e.controller.SocialMediaAppMain : 8. Unfollow User
2025-11-12 00:27:08,495 INFO  [main] o.e.controller.SocialMediaAppMain : 9. View Followers
2025-11-12 00:27:08,495 INFO  [main] o.e.controller.SocialMediaAppMain : 10. View Following
2025-11-12 00:27:08,495 INFO  [main] o.e.controller.SocialMediaAppMain : 11. Create Post
2025-11-12 00:27:08,495 INFO  [main] o.e.controller.SocialMediaAppMain : 12. Create Post with Image
2025-11-12 00:27:08,495 INFO  [main] o.e.controller.SocialMediaAppMain : 13. View Feed
2025-11-12 00:27:08,495 INFO  [main] o.e.controller.SocialMediaAppMain : 14. Like a Post
2025-11-12 00:27:08,495 INFO  [main] o.e.controller.SocialMediaAppMain : 15. Comment on a Post
2025-11-12 00:27:08,495 INFO  [main] o.e.controller.SocialMediaAppMain : 16. Logout
2025-11-12 00:27:08,495 INFO  [main] o.e.controller.SocialMediaAppMain : Enter your choice: 
2025-11-12 00:28:46,455 INFO  [main] o.e.controller.SocialMediaAppMain : =========== SOCIAL MEDIA APP ===========
2025-11-12 00:28:46,456 INFO  [main] o.e.controller.SocialMediaAppMain : 
------ MAIN MENU ------
2025-11-12 00:28:46,456 INFO  [main] o.e.controller.SocialMediaAppMain : 1. Register
2025-11-12 00:28:46,456 INFO  [main] o.e.controller.SocialMediaAppMain : 2. Login
2025-11-12 00:28:46,456 INFO  [main] o.e.controller.SocialMediaAppMain : 3. Forgot Password
2025-11-12 00:28:46,456 INFO  [main] o.e.controller.SocialMediaAppMain : 4. Exit
2025-11-12 00:28:46,456 WARN  [main] o.e.controller.SocialMediaAppMain : Enter your choice: 
2025-11-12 00:28:49,859 INFO  [main] o.e.controller.SocialMediaAppMain : 
--- User Login ---
2025-11-12 00:28:49,860 INFO  [main] o.e.controller.SocialMediaAppMain : Enter Username: 
2025-11-12 00:28:53,853 INFO  [main] o.e.controller.SocialMediaAppMain : Enter Password: 
2025-11-12 00:28:57,516 INFO  [main] o.e.controller.SocialMediaAppMain : Login successful
2025-11-12 00:28:57,516 INFO  [main] o.e.controller.SocialMediaAppMain : Did login show 'Login successful'? (y/n): 
2025-11-12 00:29:00,162 INFO  [main] o.e.controller.SocialMediaAppMain : 
Welcome, charanreddy!
2025-11-12 00:29:00,162 INFO  [main] o.e.controller.SocialMediaAppMain : 
------ SOCIAL MENU (Logged in as charanreddy) ------
2025-11-12 00:29:00,162 INFO  [main] o.e.controller.SocialMediaAppMain : 1. View Profile
2025-11-12 00:29:00,162 INFO  [main] o.e.controller.SocialMediaAppMain : 2. Create Profile
2025-11-12 00:29:00,162 INFO  [main] o.e.controller.SocialMediaAppMain : 3. Update Profile
2025-11-12 00:29:00,162 INFO  [main] o.e.controller.SocialMediaAppMain : 4. Send Friend Request
2025-11-12 00:29:00,162 INFO  [main] o.e.controller.SocialMediaAppMain : 5. View Pending Requests
2025-11-12 00:29:00,162 INFO  [main] o.e.controller.SocialMediaAppMain : 6. Accept Friend Request
2025-11-12 00:29:00,162 INFO  [main] o.e.controller.SocialMediaAppMain : 7. Follow User
2025-11-12 00:29:00,163 INFO  [main] o.e.controller.SocialMediaAppMain : 8. Unfollow User
2025-11-12 00:29:00,163 INFO  [main] o.e.controller.SocialMediaAppMain : 9. View Followers
2025-11-12 00:29:00,163 INFO  [main] o.e.controller.SocialMediaAppMain : 10. View Following
2025-11-12 00:29:00,163 INFO  [main] o.e.controller.SocialMediaAppMain : 11. Create Post
2025-11-12 00:29:00,163 INFO  [main] o.e.controller.SocialMediaAppMain : 12. Create Post with Image
2025-11-12 00:29:00,163 INFO  [main] o.e.controller.SocialMediaAppMain : 13. View Feed
2025-11-12 00:29:00,163 INFO  [main] o.e.controller.SocialMediaAppMain : 14. Like a Post
2025-11-12 00:29:00,163 INFO  [main] o.e.controller.SocialMediaAppMain : 15. Comment on a Post
2025-11-12 00:29:00,163 INFO  [main] o.e.controller.SocialMediaAppMain : 16. Logout
2025-11-12 00:29:00,163 INFO  [main] o.e.controller.SocialMediaAppMain : Enter your choice: 
2025-11-12 00:30:02,981 INFO  [main] org.mongodb.driver.client : MongoClient with metadata {"driver": {"name": "mongo-java-driver|sync", "version": "5.1.0"}, "os": {"type": "Windows", "name": "Windows 11", "architecture": "amd64", "version": "10.0"}, "platform": "Java/Oracle Corporation/23.0.2+7-58"} created with settings MongoClientSettings{readPreference=primary, writeConcern=WriteConcern{w=null, wTimeout=null ms, journal=null}, retryWrites=true, retryReads=true, readConcern=ReadConcern{level=null}, credential=null, transportSettings=null, commandListeners=[], codecRegistry=ProvidersCodecRegistry{codecProviders=[ValueCodecProvider{}, BsonValueCodecProvider{}, DBRefCodecProvider{}, DBObjectCodecProvider{}, DocumentCodecProvider{}, CollectionCodecProvider{}, IterableCodecProvider{}, MapCodecProvider{}, GeoJsonCodecProvider{}, GridFSFileCodecProvider{}, Jsr310CodecProvider{}, JsonObjectCodecProvider{}, BsonCodecProvider{}, EnumCodecProvider{}, com.mongodb.client.model.mql.ExpressionCodecProvider@72bd06ca, com.mongodb.Jep395RecordCodecProvider@89c10b7, com.mongodb.KotlinCodecProvider@5dbe30be]}, loggerSettings=LoggerSettings{maxDocumentLength=1000}, clusterSettings={hosts=[localhost:27017], srvServiceName=mongodb, mode=SINGLE, requiredClusterType=UNKNOWN, requiredReplicaSetName='null', serverSelector='null', clusterListeners='[]', serverSelectionTimeout='30000 ms', localThreshold='15 ms'}, socketSettings=SocketSettings{connectTimeoutMS=10000, readTimeoutMS=0, receiveBufferSize=0, proxySettings=ProxySettings{host=null, port=null, username=null, password=null}}, heartbeatSocketSettings=SocketSettings{connectTimeoutMS=10000, readTimeoutMS=10000, receiveBufferSize=0, proxySettings=ProxySettings{host=null, port=null, username=null, password=null}}, connectionPoolSettings=ConnectionPoolSettings{maxSize=100, minSize=0, maxWaitTimeMS=120000, maxConnectionLifeTimeMS=0, maxConnectionIdleTimeMS=0, maintenanceInitialDelayMS=0, maintenanceFrequencyMS=60000, connectionPoolListeners=[], maxConnecting=2}, serverSettings=ServerSettings{heartbeatFrequencyMS=10000, minHeartbeatFrequencyMS=500, serverMonitoringMode=AUTO, serverListeners='[]', serverMonitorListeners='[]'}, sslSettings=SslSettings{enabled=false, invalidHostNameAllowed=false, context=null}, applicationName='null', compressorList=[], uuidRepresentation=UNSPECIFIED, serverApi=null, autoEncryptionSettings=null, dnsClient=null, inetAddressResolver=null, contextProvider=null}
2025-11-12 00:30:02,994 INFO  [cluster-ClusterId{value='691387b20cf2632dae1d8434', description='null'}-localhost:27017] org.mongodb.driver.cluster : Monitor thread successfully connected to server with description ServerDescription{address=localhost:27017, type=STANDALONE, state=CONNECTED, ok=true, minWireVersion=0, maxWireVersion=27, maxDocumentSize=16777216, logicalSessionTimeoutMinutes=30, roundTripTimeNanos=18452200}
2025-11-12 00:30:03,035 INFO  [main] o.e.controller.SocialMediaAppMain : Author: keshav
2025-11-12 00:30:03,035 INFO  [main] o.e.controller.SocialMediaAppMain : Content: Sometimes hard times will teach you the bettertimes.
2025-11-12 00:30:03,036 INFO  [main] o.e.controller.SocialMediaAppMain : Likes: 1
2025-11-12 00:30:03,036 INFO  [main] o.e.controller.SocialMediaAppMain : Comments: 1
2025-11-12 00:30:03,036 INFO  [main] o.e.controller.SocialMediaAppMain : Post ID: 69133baa2bc58a7bce18f39b
2025-11-12 00:30:03,036 INFO  [main] o.e.controller.SocialMediaAppMain : ---------------------------------------
2025-11-12 00:30:03,036 INFO  [main] o.e.controller.SocialMediaAppMain : Author: charanreddy
2025-11-12 00:30:03,036 INFO  [main] o.e.controller.SocialMediaAppMain : Content: All Godd....
2025-11-12 00:30:03,036 INFO  [main] o.e.controller.SocialMediaAppMain : Likes: 0
2025-11-12 00:30:03,036 INFO  [main] o.e.controller.SocialMediaAppMain : Comments: 0
2025-11-12 00:30:03,036 INFO  [main] o.e.controller.SocialMediaAppMain : Post ID: 69137e991164031bf819612b
2025-11-12 00:30:03,036 INFO  [main] o.e.controller.SocialMediaAppMain : ---------------------------------------
2025-11-12 00:30:03,036 INFO  [main] o.e.controller.SocialMediaAppMain : Author: charanreddy
2025-11-12 00:30:03,036 INFO  [main] o.e.controller.SocialMediaAppMain : Content: Stay high.....
2025-11-12 00:30:03,036 INFO  [main] o.e.controller.SocialMediaAppMain : Likes: 0
2025-11-12 00:30:03,036 INFO  [main] o.e.controller.SocialMediaAppMain : Comments: 0
2025-11-12 00:30:03,036 INFO  [main] o.e.controller.SocialMediaAppMain : Post ID: 6913818a1164031bf819612c
2025-11-12 00:30:03,036 INFO  [main] o.e.controller.SocialMediaAppMain : ---------------------------------------
2025-11-12 00:30:03,036 INFO  [main] o.e.controller.SocialMediaAppMain : Author: charanreddy
2025-11-12 00:30:03,036 INFO  [main] o.e.controller.SocialMediaAppMain : Content: good
2025-11-12 00:30:03,036 INFO  [main] o.e.controller.SocialMediaAppMain : Likes: 0
2025-11-12 00:30:03,036 INFO  [main] o.e.controller.SocialMediaAppMain : Comments: 0
2025-11-12 00:30:03,036 INFO  [main] o.e.controller.SocialMediaAppMain : Post ID: 691381e41164031bf819612d
2025-11-12 00:30:03,036 INFO  [main] o.e.controller.SocialMediaAppMain : ---------------------------------------
2025-11-12 00:30:03,036 INFO  [main] o.e.controller.SocialMediaAppMain : 
------ SOCIAL MENU (Logged in as charanreddy) ------
2025-11-12 00:30:03,036 INFO  [main] o.e.controller.SocialMediaAppMain : 1. View Profile
2025-11-12 00:30:03,037 INFO  [main] o.e.controller.SocialMediaAppMain : 2. Create Profile
2025-11-12 00:30:03,037 INFO  [main] o.e.controller.SocialMediaAppMain : 3. Update Profile
2025-11-12 00:30:03,037 INFO  [main] o.e.controller.SocialMediaAppMain : 4. Send Friend Request
2025-11-12 00:30:03,037 INFO  [main] o.e.controller.SocialMediaAppMain : 5. View Pending Requests
2025-11-12 00:30:03,037 INFO  [main] o.e.controller.SocialMediaAppMain : 6. Accept Friend Request
2025-11-12 00:30:03,037 INFO  [main] o.e.controller.SocialMediaAppMain : 7. Follow User
2025-11-12 00:30:03,037 INFO  [main] o.e.controller.SocialMediaAppMain : 8. Unfollow User
2025-11-12 00:30:03,037 INFO  [main] o.e.controller.SocialMediaAppMain : 9. View Followers
2025-11-12 00:30:03,037 INFO  [main] o.e.controller.SocialMediaAppMain : 10. View Following
2025-11-12 00:30:03,037 INFO  [main] o.e.controller.SocialMediaAppMain : 11. Create Post
2025-11-12 00:30:03,037 INFO  [main] o.e.controller.SocialMediaAppMain : 12. Create Post with Image
2025-11-12 00:30:03,037 INFO  [main] o.e.controller.SocialMediaAppMain : 13. View Feed
2025-11-12 00:30:03,037 INFO  [main] o.e.controller.SocialMediaAppMain : 14. Like a Post
2025-11-12 00:30:03,037 INFO  [main] o.e.controller.SocialMediaAppMain : 15. Comment on a Post
2025-11-12 00:30:03,037 INFO  [main] o.e.controller.SocialMediaAppMain : 16. Logout
2025-11-12 00:30:03,037 INFO  [main] o.e.controller.SocialMediaAppMain : Enter your choice: 
2025-11-12 00:30:09,786 INFO  [main] o.e.controller.SocialMediaAppMain : Logging out..
2025-11-12 00:30:09,786 INFO  [main] o.e.controller.SocialMediaAppMain : 
------ MAIN MENU ------
2025-11-12 00:30:09,786 INFO  [main] o.e.controller.SocialMediaAppMain : 1. Register
2025-11-12 00:30:09,786 INFO  [main] o.e.controller.SocialMediaAppMain : 2. Login
2025-11-12 00:30:09,786 INFO  [main] o.e.controller.SocialMediaAppMain : 3. Forgot Password
2025-11-12 00:30:09,788 INFO  [main] o.e.controller.SocialMediaAppMain : 4. Exit
2025-11-12 00:30:09,788 WARN  [main] o.e.controller.SocialMediaAppMain : Enter your choice: 
2025-11-12 00:30:11,580 INFO  [main] o.e.controller.SocialMediaAppMain : 
--- User Login ---
2025-11-12 00:30:11,581 INFO  [main] o.e.controller.SocialMediaAppMain : Enter Username: 
2025-11-12 00:30:14,510 INFO  [main] o.e.controller.SocialMediaAppMain : Enter Password: 
2025-11-12 00:30:17,861 INFO  [main] o.e.controller.SocialMediaAppMain : Login successful
2025-11-12 00:30:17,862 INFO  [main] o.e.controller.SocialMediaAppMain : Did login show 'Login successful'? (y/n): 
2025-11-12 00:30:28,103 INFO  [main] o.e.controller.SocialMediaAppMain : Login failed. Try again
2025-11-12 00:30:28,104 INFO  [main] o.e.controller.SocialMediaAppMain : 
------ MAIN MENU ------
2025-11-12 00:30:28,104 INFO  [main] o.e.controller.SocialMediaAppMain : 1. Register
2025-11-12 00:30:28,104 INFO  [main] o.e.controller.SocialMediaAppMain : 2. Login
2025-11-12 00:30:28,104 INFO  [main] o.e.controller.SocialMediaAppMain : 3. Forgot Password
2025-11-12 00:30:28,104 INFO  [main] o.e.controller.SocialMediaAppMain : 4. Exit
2025-11-12 00:30:28,104 WARN  [main] o.e.controller.SocialMediaAppMain : Enter your choice: 
2025-11-12 00:30:34,138 INFO  [main] o.e.controller.SocialMediaAppMain : 
--- User Login ---
2025-11-12 00:30:34,138 INFO  [main] o.e.controller.SocialMediaAppMain : Enter Username: 
2025-11-12 00:30:37,855 INFO  [main] o.e.controller.SocialMediaAppMain : Enter Password: 
2025-11-12 00:30:40,795 WARN  [main] o.e.controller.SocialMediaAppMain : Invalid credentials
2025-11-12 00:30:40,795 INFO  [main] o.e.controller.SocialMediaAppMain : Did login show 'Login successful'? (y/n): 
2025-11-12 00:30:44,964 INFO  [main] o.e.controller.SocialMediaAppMain : 
Welcome, charan!
2025-11-12 00:30:44,964 INFO  [main] o.e.controller.SocialMediaAppMain : 
------ SOCIAL MENU (Logged in as charan) ------
2025-11-12 00:30:44,964 INFO  [main] o.e.controller.SocialMediaAppMain : 1. View Profile
2025-11-12 00:30:44,964 INFO  [main] o.e.controller.SocialMediaAppMain : 2. Create Profile
2025-11-12 00:30:44,964 INFO  [main] o.e.controller.SocialMediaAppMain : 3. Update Profile
2025-11-12 00:30:44,964 INFO  [main] o.e.controller.SocialMediaAppMain : 4. Send Friend Request
2025-11-12 00:30:44,964 INFO  [main] o.e.controller.SocialMediaAppMain : 5. View Pending Requests
2025-11-12 00:30:44,964 INFO  [main] o.e.controller.SocialMediaAppMain : 6. Accept Friend Request
2025-11-12 00:30:44,964 INFO  [main] o.e.controller.SocialMediaAppMain : 7. Follow User
2025-11-12 00:30:44,964 INFO  [main] o.e.controller.SocialMediaAppMain : 8. Unfollow User
2025-11-12 00:30:44,964 INFO  [main] o.e.controller.SocialMediaAppMain : 9. View Followers
2025-11-12 00:30:44,964 INFO  [main] o.e.controller.SocialMediaAppMain : 10. View Following
2025-11-12 00:30:44,965 INFO  [main] o.e.controller.SocialMediaAppMain : 11. Create Post
2025-11-12 00:30:44,965 INFO  [main] o.e.controller.SocialMediaAppMain : 12. Create Post with Image
2025-11-12 00:30:44,965 INFO  [main] o.e.controller.SocialMediaAppMain : 13. View Feed
2025-11-12 00:30:44,965 INFO  [main] o.e.controller.SocialMediaAppMain : 14. Like a Post
2025-11-12 00:30:44,965 INFO  [main] o.e.controller.SocialMediaAppMain : 15. Comment on a Post
2025-11-12 00:30:44,965 INFO  [main] o.e.controller.SocialMediaAppMain : 16. Logout
2025-11-12 00:30:44,965 INFO  [main] o.e.controller.SocialMediaAppMain : Enter your choice: 
2025-11-12 00:39:31,608 INFO  [main] o.e.controller.SocialMediaAppMain : =========== SOCIAL MEDIA APP ===========
2025-11-12 00:39:31,610 INFO  [main] o.e.controller.SocialMediaAppMain : 
------ MAIN MENU ------
2025-11-12 00:39:31,610 INFO  [main] o.e.controller.SocialMediaAppMain : 1. Register
2025-11-12 00:39:31,610 INFO  [main] o.e.controller.SocialMediaAppMain : 2. Login
2025-11-12 00:39:31,610 INFO  [main] o.e.controller.SocialMediaAppMain : 3. Forgot Password
2025-11-12 00:39:31,610 INFO  [main] o.e.controller.SocialMediaAppMain : 4. Exit
2025-11-12 00:39:31,610 WARN  [main] o.e.controller.SocialMediaAppMain : Enter your choice: 
2025-11-12 00:39:35,700 INFO  [main] o.e.controller.SocialMediaAppMain : 
--- User Login ---
2025-11-12 00:39:35,701 INFO  [main] o.e.controller.SocialMediaAppMain : Enter Username: 
2025-11-12 00:39:40,190 INFO  [main] o.e.controller.SocialMediaAppMain : Enter Password: 
2025-11-12 00:39:44,074 INFO  [main] o.e.controller.SocialMediaAppMain : Login successful!
2025-11-12 00:39:44,074 INFO  [main] o.e.controller.SocialMediaAppMain : 
Welcome, lokesh!
2025-11-12 00:39:44,074 INFO  [main] o.e.controller.SocialMediaAppMain : 
------ SOCIAL MENU (Logged in as lokesh) ------
2025-11-12 00:39:44,075 INFO  [main] o.e.controller.SocialMediaAppMain : 1. View Profile
2025-11-12 00:39:44,075 INFO  [main] o.e.controller.SocialMediaAppMain : 2. Create Profile
2025-11-12 00:39:44,075 INFO  [main] o.e.controller.SocialMediaAppMain : 3. Update Profile
2025-11-12 00:39:44,075 INFO  [main] o.e.controller.SocialMediaAppMain : 4. Send Friend Request
2025-11-12 00:39:44,075 INFO  [main] o.e.controller.SocialMediaAppMain : 5. View Pending Requests
2025-11-12 00:39:44,075 INFO  [main] o.e.controller.SocialMediaAppMain : 6. Accept Friend Request
2025-11-12 00:39:44,075 INFO  [main] o.e.controller.SocialMediaAppMain : 7. Follow User
2025-11-12 00:39:44,075 INFO  [main] o.e.controller.SocialMediaAppMain : 8. Unfollow User
2025-11-12 00:39:44,075 INFO  [main] o.e.controller.SocialMediaAppMain : 9. View Followers
2025-11-12 00:39:44,075 INFO  [main] o.e.controller.SocialMediaAppMain : 10. View Following
2025-11-12 00:39:44,075 INFO  [main] o.e.controller.SocialMediaAppMain : 11. Create Post
2025-11-12 00:39:44,075 INFO  [main] o.e.controller.SocialMediaAppMain : 12. Create Post with Image
2025-11-12 00:39:44,075 INFO  [main] o.e.controller.SocialMediaAppMain : 13. View Feed
2025-11-12 00:39:44,075 INFO  [main] o.e.controller.SocialMediaAppMain : 14. Like a Post
2025-11-12 00:39:44,075 INFO  [main] o.e.controller.SocialMediaAppMain : 15. Comment on a Post
2025-11-12 00:39:44,075 INFO  [main] o.e.controller.SocialMediaAppMain : 16. Logout
2025-11-12 00:39:44,075 INFO  [main] o.e.controller.SocialMediaAppMain : Enter your choice: 
2025-11-12 00:40:22,051 INFO  [main] o.e.controller.SocialMediaAppMain : Logging out..
2025-11-12 00:40:22,051 INFO  [main] o.e.controller.SocialMediaAppMain : 
------ MAIN MENU ------
2025-11-12 00:40:22,051 INFO  [main] o.e.controller.SocialMediaAppMain : 1. Register
2025-11-12 00:40:22,051 INFO  [main] o.e.controller.SocialMediaAppMain : 2. Login
2025-11-12 00:40:22,051 INFO  [main] o.e.controller.SocialMediaAppMain : 3. Forgot Password
2025-11-12 00:40:22,051 INFO  [main] o.e.controller.SocialMediaAppMain : 4. Exit
2025-11-12 00:40:22,051 WARN  [main] o.e.controller.SocialMediaAppMain : Enter your choice: 
2025-11-12 00:40:24,106 INFO  [main] o.e.controller.SocialMediaAppMain : 
--- User Login ---
2025-11-12 00:40:24,106 INFO  [main] o.e.controller.SocialMediaAppMain : Enter Username: 
2025-11-12 00:40:35,775 INFO  [main] o.e.controller.SocialMediaAppMain : Enter Password: 
2025-11-12 00:40:38,177 WARN  [main] o.e.controller.SocialMediaAppMain : Invalid credentials
2025-11-12 00:40:38,177 WARN  [main] o.e.controller.SocialMediaAppMain : Login failed. Invalid username or password.
2025-11-12 00:40:38,177 INFO  [main] o.e.controller.SocialMediaAppMain : 
------ MAIN MENU ------
2025-11-12 00:40:38,177 INFO  [main] o.e.controller.SocialMediaAppMain : 1. Register
2025-11-12 00:40:38,177 INFO  [main] o.e.controller.SocialMediaAppMain : 2. Login
2025-11-12 00:40:38,177 INFO  [main] o.e.controller.SocialMediaAppMain : 3. Forgot Password
2025-11-12 00:40:38,178 INFO  [main] o.e.controller.SocialMediaAppMain : 4. Exit
2025-11-12 00:40:38,178 WARN  [main] o.e.controller.SocialMediaAppMain : Enter your choice: 
2025-11-12 09:39:37,041 INFO  [main] o.e.controller.SocialMediaAppMain : =========== SOCIAL MEDIA APP ===========
2025-11-12 09:39:37,043 INFO  [main] o.e.controller.SocialMediaAppMain : 
------ MAIN MENU ------
2025-11-12 09:39:37,043 INFO  [main] o.e.controller.SocialMediaAppMain : 1. Register
2025-11-12 09:39:37,043 INFO  [main] o.e.controller.SocialMediaAppMain : 2. Login
2025-11-12 09:39:37,043 INFO  [main] o.e.controller.SocialMediaAppMain : 3. Forgot Password
2025-11-12 09:39:37,043 INFO  [main] o.e.controller.SocialMediaAppMain : 4. Exit
2025-11-12 09:39:37,043 WARN  [main] o.e.controller.SocialMediaAppMain : Enter your choice: 
2025-11-12 10:21:55,607 INFO  [main] o.e.controller.SocialMediaAppMain : 
--- User Login ---
2025-11-12 10:21:55,608 INFO  [main] o.e.controller.SocialMediaAppMain : Enter Username: 
2025-11-12 10:22:03,805 INFO  [main] o.e.controller.SocialMediaAppMain : Enter Password: 
2025-11-12 10:22:07,404 WARN  [main] o.e.controller.SocialMediaAppMain : Invalid credentials
2025-11-12 10:22:07,404 WARN  [main] o.e.controller.SocialMediaAppMain : Login failed. Invalid username or password.
2025-11-12 10:22:07,404 INFO  [main] o.e.controller.SocialMediaAppMain : 
------ MAIN MENU ------
2025-11-12 10:22:07,404 INFO  [main] o.e.controller.SocialMediaAppMain : 1. Register
2025-11-12 10:22:07,404 INFO  [main] o.e.controller.SocialMediaAppMain : 2. Login
2025-11-12 10:22:07,404 INFO  [main] o.e.controller.SocialMediaAppMain : 3. Forgot Password
2025-11-12 10:22:07,404 INFO  [main] o.e.controller.SocialMediaAppMain : 4. Exit
2025-11-12 10:22:07,404 WARN  [main] o.e.controller.SocialMediaAppMain : Enter your choice: 
2025-11-12 10:22:32,247 INFO  [main] o.e.controller.SocialMediaAppMain : =========== SOCIAL MEDIA APP ===========
2025-11-12 10:22:32,248 INFO  [main] o.e.controller.SocialMediaAppMain : 
------ MAIN MENU ------
2025-11-12 10:22:32,248 INFO  [main] o.e.controller.SocialMediaAppMain : 1. Register
2025-11-12 10:22:32,248 INFO  [main] o.e.controller.SocialMediaAppMain : 2. Login
2025-11-12 10:22:32,248 INFO  [main] o.e.controller.SocialMediaAppMain : 3. Forgot Password
2025-11-12 10:22:32,248 INFO  [main] o.e.controller.SocialMediaAppMain : 4. Exit
2025-11-12 10:22:32,248 WARN  [main] o.e.controller.SocialMediaAppMain : Enter your choice: 
2025-11-12 10:26:50,244 INFO  [main] o.e.controller.SocialMediaAppMain : 
--- User Login ---
2025-11-12 10:26:50,245 INFO  [main] o.e.controller.SocialMediaAppMain : Enter Username: 
2025-11-12 10:26:55,009 INFO  [main] o.e.controller.SocialMediaAppMain : Enter Password: 
2025-11-12 10:26:59,773 WARN  [main] o.e.controller.SocialMediaAppMain : Invalid credentials
2025-11-12 10:26:59,773 WARN  [main] o.e.controller.SocialMediaAppMain : Login failed. Invalid username or password.
2025-11-12 10:26:59,773 INFO  [main] o.e.controller.SocialMediaAppMain : 
------ MAIN MENU ------
2025-11-12 10:26:59,773 INFO  [main] o.e.controller.SocialMediaAppMain : 1. Register
2025-11-12 10:26:59,773 INFO  [main] o.e.controller.SocialMediaAppMain : 2. Login
2025-11-12 10:26:59,773 INFO  [main] o.e.controller.SocialMediaAppMain : 3. Forgot Password
2025-11-12 10:26:59,773 INFO  [main] o.e.controller.SocialMediaAppMain : 4. Exit
2025-11-12 10:26:59,773 WARN  [main] o.e.controller.SocialMediaAppMain : Enter your choice: 
2025-11-12 10:27:33,965 INFO  [main] o.e.controller.SocialMediaAppMain : 
--- User Login ---
2025-11-12 10:27:33,966 INFO  [main] o.e.controller.SocialMediaAppMain : Enter Username: 
2025-11-12 10:27:37,689 INFO  [main] o.e.controller.SocialMediaAppMain : Enter Password: 
2025-11-12 10:27:42,761 INFO  [main] o.e.controller.SocialMediaAppMain : Login successful!
2025-11-12 10:27:42,762 INFO  [main] o.e.controller.SocialMediaAppMain : 
Welcome, lokesh!
2025-11-12 10:27:42,762 INFO  [main] o.e.controller.SocialMediaAppMain : 
------ SOCIAL MENU (Logged in as lokesh) ------
2025-11-12 10:27:42,762 INFO  [main] o.e.controller.SocialMediaAppMain : 1. View Profile
2025-11-12 10:27:42,762 INFO  [main] o.e.controller.SocialMediaAppMain : 2. Create Profile
2025-11-12 10:27:42,762 INFO  [main] o.e.controller.SocialMediaAppMain : 3. Update Profile
2025-11-12 10:27:42,762 INFO  [main] o.e.controller.SocialMediaAppMain : 4. Send Friend Request
2025-11-12 10:27:42,762 INFO  [main] o.e.controller.SocialMediaAppMain : 5. View Pending Requests
2025-11-12 10:27:42,762 INFO  [main] o.e.controller.SocialMediaAppMain : 6. Accept Friend Request
2025-11-12 10:27:42,762 INFO  [main] o.e.controller.SocialMediaAppMain : 7. Follow User
2025-11-12 10:27:42,762 INFO  [main] o.e.controller.SocialMediaAppMain : 8. Unfollow User
2025-11-12 10:27:42,762 INFO  [main] o.e.controller.SocialMediaAppMain : 9. View Followers
2025-11-12 10:27:42,762 INFO  [main] o.e.controller.SocialMediaAppMain : 10. View Following
2025-11-12 10:27:42,762 INFO  [main] o.e.controller.SocialMediaAppMain : 11. Create Post
2025-11-12 10:27:42,762 INFO  [main] o.e.controller.SocialMediaAppMain : 12. Create Post with Image
2025-11-12 10:27:42,762 INFO  [main] o.e.controller.SocialMediaAppMain : 13. View Feed
2025-11-12 10:27:42,762 INFO  [main] o.e.controller.SocialMediaAppMain : 14. Like a Post
2025-11-12 10:27:42,762 INFO  [main] o.e.controller.SocialMediaAppMain : 15. Comment on a Post
2025-11-12 10:27:42,762 INFO  [main] o.e.controller.SocialMediaAppMain : 16. Logout
2025-11-12 10:27:42,762 INFO  [main] o.e.controller.SocialMediaAppMain : Enter your choice: 
2025-11-12 10:27:50,401 INFO  [main] o.e.controller.SocialMediaAppMain : Enter friend's username to send request: 
2025-11-12 10:27:58,786 ERROR [main] o.e.controller.SocialMediaAppMain : Failed to send friend request
2025-11-12 10:27:58,786 INFO  [main] o.e.controller.SocialMediaAppMain : 
------ SOCIAL MENU (Logged in as lokesh) ------
2025-11-12 10:27:58,786 INFO  [main] o.e.controller.SocialMediaAppMain : 1. View Profile
2025-11-12 10:27:58,786 INFO  [main] o.e.controller.SocialMediaAppMain : 2. Create Profile
2025-11-12 10:27:58,786 INFO  [main] o.e.controller.SocialMediaAppMain : 3. Update Profile
2025-11-12 10:27:58,786 INFO  [main] o.e.controller.SocialMediaAppMain : 4. Send Friend Request
2025-11-12 10:27:58,786 INFO  [main] o.e.controller.SocialMediaAppMain : 5. View Pending Requests
2025-11-12 10:27:58,786 INFO  [main] o.e.controller.SocialMediaAppMain : 6. Accept Friend Request
2025-11-12 10:27:58,786 INFO  [main] o.e.controller.SocialMediaAppMain : 7. Follow User
2025-11-12 10:27:58,786 INFO  [main] o.e.controller.SocialMediaAppMain : 8. Unfollow User
2025-11-12 10:27:58,786 INFO  [main] o.e.controller.SocialMediaAppMain : 9. View Followers
2025-11-12 10:27:58,786 INFO  [main] o.e.controller.SocialMediaAppMain : 10. View Following
2025-11-12 10:27:58,786 INFO  [main] o.e.controller.SocialMediaAppMain : 11. Create Post
2025-11-12 10:27:58,787 INFO  [main] o.e.controller.SocialMediaAppMain : 12. Create Post with Image
2025-11-12 10:27:58,787 INFO  [main] o.e.controller.SocialMediaAppMain : 13. View Feed
2025-11-12 10:27:58,787 INFO  [main] o.e.controller.SocialMediaAppMain : 14. Like a Post
2025-11-12 10:27:58,787 INFO  [main] o.e.controller.SocialMediaAppMain : 15. Comment on a Post
2025-11-12 10:27:58,787 INFO  [main] o.e.controller.SocialMediaAppMain : 16. Logout
2025-11-12 10:27:58,787 INFO  [main] o.e.controller.SocialMediaAppMain : Enter your choice: 
2025-11-12 10:28:25,712 INFO  [main] o.e.controller.SocialMediaAppMain : ----- Followers of lokesh -----
2025-11-12 10:28:25,712 INFO  [main] o.e.controller.SocialMediaAppMain : 
------ SOCIAL MENU (Logged in as lokesh) ------
2025-11-12 10:28:25,713 INFO  [main] o.e.controller.SocialMediaAppMain : 1. View Profile
2025-11-12 10:28:25,713 INFO  [main] o.e.controller.SocialMediaAppMain : 2. Create Profile
2025-11-12 10:28:25,713 INFO  [main] o.e.controller.SocialMediaAppMain : 3. Update Profile
2025-11-12 10:28:25,713 INFO  [main] o.e.controller.SocialMediaAppMain : 4. Send Friend Request
2025-11-12 10:28:25,713 INFO  [main] o.e.controller.SocialMediaAppMain : 5. View Pending Requests
2025-11-12 10:28:25,713 INFO  [main] o.e.controller.SocialMediaAppMain : 6. Accept Friend Request
2025-11-12 10:28:25,713 INFO  [main] o.e.controller.SocialMediaAppMain : 7. Follow User
2025-11-12 10:28:25,713 INFO  [main] o.e.controller.SocialMediaAppMain : 8. Unfollow User
2025-11-12 10:28:25,713 INFO  [main] o.e.controller.SocialMediaAppMain : 9. View Followers
2025-11-12 10:28:25,713 INFO  [main] o.e.controller.SocialMediaAppMain : 10. View Following
2025-11-12 10:28:25,713 INFO  [main] o.e.controller.SocialMediaAppMain : 11. Create Post
2025-11-12 10:28:25,713 INFO  [main] o.e.controller.SocialMediaAppMain : 12. Create Post with Image
2025-11-12 10:28:25,713 INFO  [main] o.e.controller.SocialMediaAppMain : 13. View Feed
2025-11-12 10:28:25,713 INFO  [main] o.e.controller.SocialMediaAppMain : 14. Like a Post
2025-11-12 10:28:25,713 INFO  [main] o.e.controller.SocialMediaAppMain : 15. Comment on a Post
2025-11-12 10:28:25,713 INFO  [main] o.e.controller.SocialMediaAppMain : 16. Logout
2025-11-12 10:28:25,713 INFO  [main] o.e.controller.SocialMediaAppMain : Enter your choice: 
2025-11-12 10:40:38,621 INFO  [main] org.mongodb.driver.client : MongoClient with metadata {"driver": {"name": "mongo-java-driver|sync", "version": "5.1.0"}, "os": {"type": "Windows", "name": "Windows 11", "architecture": "amd64", "version": "10.0"}, "platform": "Java/Oracle Corporation/23.0.2+7-58"} created with settings MongoClientSettings{readPreference=primary, writeConcern=WriteConcern{w=null, wTimeout=null ms, journal=null}, retryWrites=true, retryReads=true, readConcern=ReadConcern{level=null}, credential=null, transportSettings=null, commandListeners=[], codecRegistry=ProvidersCodecRegistry{codecProviders=[ValueCodecProvider{}, BsonValueCodecProvider{}, DBRefCodecProvider{}, DBObjectCodecProvider{}, DocumentCodecProvider{}, CollectionCodecProvider{}, IterableCodecProvider{}, MapCodecProvider{}, GeoJsonCodecProvider{}, GridFSFileCodecProvider{}, Jsr310CodecProvider{}, JsonObjectCodecProvider{}, BsonCodecProvider{}, EnumCodecProvider{}, com.mongodb.client.model.mql.ExpressionCodecProvider@3932c79a, com.mongodb.Jep395RecordCodecProvider@782859e, com.mongodb.KotlinCodecProvider@23f5b5dc]}, loggerSettings=LoggerSettings{maxDocumentLength=1000}, clusterSettings={hosts=[localhost:27017], srvServiceName=mongodb, mode=SINGLE, requiredClusterType=UNKNOWN, requiredReplicaSetName='null', serverSelector='null', clusterListeners='[]', serverSelectionTimeout='30000 ms', localThreshold='15 ms'}, socketSettings=SocketSettings{connectTimeoutMS=10000, readTimeoutMS=0, receiveBufferSize=0, proxySettings=ProxySettings{host=null, port=null, username=null, password=null}}, heartbeatSocketSettings=SocketSettings{connectTimeoutMS=10000, readTimeoutMS=10000, receiveBufferSize=0, proxySettings=ProxySettings{host=null, port=null, username=null, password=null}}, connectionPoolSettings=ConnectionPoolSettings{maxSize=100, minSize=0, maxWaitTimeMS=120000, maxConnectionLifeTimeMS=0, maxConnectionIdleTimeMS=0, maintenanceInitialDelayMS=0, maintenanceFrequencyMS=60000, connectionPoolListeners=[], maxConnecting=2}, serverSettings=ServerSettings{heartbeatFrequencyMS=10000, minHeartbeatFrequencyMS=500, serverMonitoringMode=AUTO, serverListeners='[]', serverMonitorListeners='[]'}, sslSettings=SslSettings{enabled=false, invalidHostNameAllowed=false, context=null}, applicationName='null', compressorList=[], uuidRepresentation=UNSPECIFIED, serverApi=null, autoEncryptionSettings=null, dnsClient=null, inetAddressResolver=null, contextProvider=null}
2025-11-12 10:40:38,646 INFO  [cluster-ClusterId{value='691416ce640fff1ca8c83f64', description='null'}-localhost:27017] org.mongodb.driver.cluster : Monitor thread successfully connected to server with description ServerDescription{address=localhost:27017, type=STANDALONE, state=CONNECTED, ok=true, minWireVersion=0, maxWireVersion=27, maxDocumentSize=16777216, logicalSessionTimeoutMinutes=30, roundTripTimeNanos=24170100}
2025-11-12 10:40:39,093 INFO  [main] o.e.controller.SocialMediaAppMain : =========== SOCIAL MEDIA APP ===========
2025-11-12 10:40:39,093 INFO  [main] o.e.controller.SocialMediaAppMain : 
------ MAIN MENU ------
2025-11-12 10:40:39,093 INFO  [main] o.e.controller.SocialMediaAppMain : 1. Register
2025-11-12 10:40:39,093 INFO  [main] o.e.controller.SocialMediaAppMain : 2. Login
2025-11-12 10:40:39,093 INFO  [main] o.e.controller.SocialMediaAppMain : 3. Forgot Password
2025-11-12 10:40:39,093 INFO  [main] o.e.controller.SocialMediaAppMain : 4. Exit
2025-11-12 10:40:39,093 WARN  [main] o.e.controller.SocialMediaAppMain : Enter your choice: 
2025-11-12 10:40:42,452 INFO  [main] o.e.controller.SocialMediaAppMain : 
--- User Login ---
2025-11-12 10:40:42,452 INFO  [main] o.e.controller.SocialMediaAppMain : Enter Username: 
2025-11-12 10:40:46,689 INFO  [main] o.e.controller.SocialMediaAppMain : Enter Password: 
2025-11-12 10:40:49,766 INFO  [main] o.e.controller.SocialMediaAppMain : Login successful!
2025-11-12 10:40:49,766 INFO  [main] o.e.controller.SocialMediaAppMain : 
Welcome, lokesh!
2025-11-12 10:40:49,767 INFO  [main] o.e.controller.SocialMediaAppMain : 
------ SOCIAL MENU (Logged in as lokesh) ------
2025-11-12 10:40:49,767 INFO  [main] o.e.controller.SocialMediaAppMain : 1. View Profile
2025-11-12 10:40:49,767 INFO  [main] o.e.controller.SocialMediaAppMain : 2. Create Profile
2025-11-12 10:40:49,767 INFO  [main] o.e.controller.SocialMediaAppMain : 3. Update Profile
2025-11-12 10:40:49,767 INFO  [main] o.e.controller.SocialMediaAppMain : 4. Send Friend Request
2025-11-12 10:40:49,767 INFO  [main] o.e.controller.SocialMediaAppMain : 5. View Pending Requests
2025-11-12 10:40:49,767 INFO  [main] o.e.controller.SocialMediaAppMain : 6. Accept Friend Request
2025-11-12 10:40:49,767 INFO  [main] o.e.controller.SocialMediaAppMain : 7. Follow User
2025-11-12 10:40:49,767 INFO  [main] o.e.controller.SocialMediaAppMain : 8. Unfollow User
2025-11-12 10:40:49,767 INFO  [main] o.e.controller.SocialMediaAppMain : 9. View Followers
2025-11-12 10:40:49,767 INFO  [main] o.e.controller.SocialMediaAppMain : 10. View Following
2025-11-12 10:40:49,767 INFO  [main] o.e.controller.SocialMediaAppMain : 11. Create Post
2025-11-12 10:40:49,767 INFO  [main] o.e.controller.SocialMediaAppMain : 12. Create Post with Image
2025-11-12 10:40:49,767 INFO  [main] o.e.controller.SocialMediaAppMain : 13. View All Posts
2025-11-12 10:40:49,767 INFO  [main] o.e.controller.SocialMediaAppMain : 14. View Personalized Feed
2025-11-12 10:40:49,767 INFO  [main] o.e.controller.SocialMediaAppMain : 15. Like a Post
2025-11-12 10:40:49,767 INFO  [main] o.e.controller.SocialMediaAppMain : 16. Comment on a Post
2025-11-12 10:40:49,767 INFO  [main] o.e.controller.SocialMediaAppMain : 17. Logout
2025-11-12 10:40:49,767 INFO  [main] o.e.controller.SocialMediaAppMain : Enter your choice: 
2025-11-12 10:40:55,846 INFO  [main] o.e.controller.SocialMediaAppMain : Author: keshav
2025-11-12 10:40:55,846 INFO  [main] o.e.controller.SocialMediaAppMain : Content: Sometimes hard times will teach you the bettertimes.
2025-11-12 10:40:55,847 INFO  [main] o.e.controller.SocialMediaAppMain : Likes: 1
2025-11-12 10:40:55,847 INFO  [main] o.e.controller.SocialMediaAppMain : Comments: 1
2025-11-12 10:40:55,847 INFO  [main] o.e.controller.SocialMediaAppMain : Post ID: 69133baa2bc58a7bce18f39b
2025-11-12 10:40:55,847 INFO  [main] o.e.controller.SocialMediaAppMain : ---------------------------------------
2025-11-12 10:40:55,847 INFO  [main] o.e.controller.SocialMediaAppMain : Author: charanreddy
2025-11-12 10:40:55,847 INFO  [main] o.e.controller.SocialMediaAppMain : Content: All Godd....
2025-11-12 10:40:55,847 INFO  [main] o.e.controller.SocialMediaAppMain : Likes: 0
2025-11-12 10:40:55,847 INFO  [main] o.e.controller.SocialMediaAppMain : Comments: 0
2025-11-12 10:40:55,847 INFO  [main] o.e.controller.SocialMediaAppMain : Post ID: 69137e991164031bf819612b
2025-11-12 10:40:55,847 INFO  [main] o.e.controller.SocialMediaAppMain : ---------------------------------------
2025-11-12 10:40:55,847 INFO  [main] o.e.controller.SocialMediaAppMain : Author: charanreddy
2025-11-12 10:40:55,847 INFO  [main] o.e.controller.SocialMediaAppMain : Content: Stay high.....
2025-11-12 10:40:55,847 INFO  [main] o.e.controller.SocialMediaAppMain : Likes: 0
2025-11-12 10:40:55,847 INFO  [main] o.e.controller.SocialMediaAppMain : Comments: 0
2025-11-12 10:40:55,847 INFO  [main] o.e.controller.SocialMediaAppMain : Post ID: 6913818a1164031bf819612c
2025-11-12 10:40:55,847 INFO  [main] o.e.controller.SocialMediaAppMain : ---------------------------------------
2025-11-12 10:40:55,847 INFO  [main] o.e.controller.SocialMediaAppMain : Author: charanreddy
2025-11-12 10:40:55,847 INFO  [main] o.e.controller.SocialMediaAppMain : Content: good
2025-11-12 10:40:55,847 INFO  [main] o.e.controller.SocialMediaAppMain : Likes: 0
2025-11-12 10:40:55,848 INFO  [main] o.e.controller.SocialMediaAppMain : Comments: 0
2025-11-12 10:40:55,848 INFO  [main] o.e.controller.SocialMediaAppMain : Post ID: 691381e41164031bf819612d
2025-11-12 10:40:55,848 INFO  [main] o.e.controller.SocialMediaAppMain : ---------------------------------------
2025-11-12 10:40:55,848 INFO  [main] o.e.controller.SocialMediaAppMain : 
------ SOCIAL MENU (Logged in as lokesh) ------
2025-11-12 10:40:55,848 INFO  [main] o.e.controller.SocialMediaAppMain : 1. View Profile
2025-11-12 10:40:55,848 INFO  [main] o.e.controller.SocialMediaAppMain : 2. Create Profile
2025-11-12 10:40:55,848 INFO  [main] o.e.controller.SocialMediaAppMain : 3. Update Profile
2025-11-12 10:40:55,848 INFO  [main] o.e.controller.SocialMediaAppMain : 4. Send Friend Request
2025-11-12 10:40:55,848 INFO  [main] o.e.controller.SocialMediaAppMain : 5. View Pending Requests
2025-11-12 10:40:55,848 INFO  [main] o.e.controller.SocialMediaAppMain : 6. Accept Friend Request
2025-11-12 10:40:55,848 INFO  [main] o.e.controller.SocialMediaAppMain : 7. Follow User
2025-11-12 10:40:55,848 INFO  [main] o.e.controller.SocialMediaAppMain : 8. Unfollow User
2025-11-12 10:40:55,848 INFO  [main] o.e.controller.SocialMediaAppMain : 9. View Followers
2025-11-12 10:40:55,848 INFO  [main] o.e.controller.SocialMediaAppMain : 10. View Following
2025-11-12 10:40:55,848 INFO  [main] o.e.controller.SocialMediaAppMain : 11. Create Post
2025-11-12 10:40:55,848 INFO  [main] o.e.controller.SocialMediaAppMain : 12. Create Post with Image
2025-11-12 10:40:55,848 INFO  [main] o.e.controller.SocialMediaAppMain : 13. View All Posts
2025-11-12 10:40:55,848 INFO  [main] o.e.controller.SocialMediaAppMain : 14. View Personalized Feed
2025-11-12 10:40:55,848 INFO  [main] o.e.controller.SocialMediaAppMain : 15. Like a Post
2025-11-12 10:40:55,848 INFO  [main] o.e.controller.SocialMediaAppMain : 16. Comment on a Post
2025-11-12 10:40:55,848 INFO  [main] o.e.controller.SocialMediaAppMain : 17. Logout
2025-11-12 10:40:55,848 INFO  [main] o.e.controller.SocialMediaAppMain : Enter your choice: 
2025-11-12 10:41:09,832 INFO  [main] o.e.controller.SocialMediaAppMain : 
------ SOCIAL MENU (Logged in as lokesh) ------
2025-11-12 10:41:09,833 INFO  [main] o.e.controller.SocialMediaAppMain : 1. View Profile
2025-11-12 10:41:09,833 INFO  [main] o.e.controller.SocialMediaAppMain : 2. Create Profile
2025-11-12 10:41:09,833 INFO  [main] o.e.controller.SocialMediaAppMain : 3. Update Profile
2025-11-12 10:41:09,833 INFO  [main] o.e.controller.SocialMediaAppMain : 4. Send Friend Request
2025-11-12 10:41:09,833 INFO  [main] o.e.controller.SocialMediaAppMain : 5. View Pending Requests
2025-11-12 10:41:09,833 INFO  [main] o.e.controller.SocialMediaAppMain : 6. Accept Friend Request
2025-11-12 10:41:09,833 INFO  [main] o.e.controller.SocialMediaAppMain : 7. Follow User
2025-11-12 10:41:09,833 INFO  [main] o.e.controller.SocialMediaAppMain : 8. Unfollow User
2025-11-12 10:41:09,833 INFO  [main] o.e.controller.SocialMediaAppMain : 9. View Followers
2025-11-12 10:41:09,833 INFO  [main] o.e.controller.SocialMediaAppMain : 10. View Following
2025-11-12 10:41:09,833 INFO  [main] o.e.controller.SocialMediaAppMain : 11. Create Post
2025-11-12 10:41:09,833 INFO  [main] o.e.controller.SocialMediaAppMain : 12. Create Post with Image
2025-11-12 10:41:09,833 INFO  [main] o.e.controller.SocialMediaAppMain : 13. View All Posts
2025-11-12 10:41:09,833 INFO  [main] o.e.controller.SocialMediaAppMain : 14. View Personalized Feed
2025-11-12 10:41:09,833 INFO  [main] o.e.controller.SocialMediaAppMain : 15. Like a Post
2025-11-12 10:41:09,833 INFO  [main] o.e.controller.SocialMediaAppMain : 16. Comment on a Post
2025-11-12 10:41:09,833 INFO  [main] o.e.controller.SocialMediaAppMain : 17. Logout
2025-11-12 10:41:09,833 INFO  [main] o.e.controller.SocialMediaAppMain : Enter your choice: 
2025-11-12 10:41:26,638 ERROR [main] o.e.controller.SocialMediaAppMain :  Not following anyone yet!
2025-11-12 10:41:26,638 INFO  [main] o.e.controller.SocialMediaAppMain : 
------ SOCIAL MENU (Logged in as lokesh) ------
2025-11-12 10:41:26,638 INFO  [main] o.e.controller.SocialMediaAppMain : 1. View Profile
2025-11-12 10:41:26,638 INFO  [main] o.e.controller.SocialMediaAppMain : 2. Create Profile
2025-11-12 10:41:26,638 INFO  [main] o.e.controller.SocialMediaAppMain : 3. Update Profile
2025-11-12 10:41:26,638 INFO  [main] o.e.controller.SocialMediaAppMain : 4. Send Friend Request
2025-11-12 10:41:26,638 INFO  [main] o.e.controller.SocialMediaAppMain : 5. View Pending Requests
2025-11-12 10:41:26,638 INFO  [main] o.e.controller.SocialMediaAppMain : 6. Accept Friend Request
2025-11-12 10:41:26,638 INFO  [main] o.e.controller.SocialMediaAppMain : 7. Follow User
2025-11-12 10:41:26,638 INFO  [main] o.e.controller.SocialMediaAppMain : 8. Unfollow User
2025-11-12 10:41:26,638 INFO  [main] o.e.controller.SocialMediaAppMain : 9. View Followers
2025-11-12 10:41:26,638 INFO  [main] o.e.controller.SocialMediaAppMain : 10. View Following
2025-11-12 10:41:26,638 INFO  [main] o.e.controller.SocialMediaAppMain : 11. Create Post
2025-11-12 10:41:26,639 INFO  [main] o.e.controller.SocialMediaAppMain : 12. Create Post with Image
2025-11-12 10:41:26,639 INFO  [main] o.e.controller.SocialMediaAppMain : 13. View All Posts
2025-11-12 10:41:26,639 INFO  [main] o.e.controller.SocialMediaAppMain : 14. View Personalized Feed
2025-11-12 10:41:26,639 INFO  [main] o.e.controller.SocialMediaAppMain : 15. Like a Post
2025-11-12 10:41:26,639 INFO  [main] o.e.controller.SocialMediaAppMain : 16. Comment on a Post
2025-11-12 10:41:26,639 INFO  [main] o.e.controller.SocialMediaAppMain : 17. Logout
2025-11-12 10:41:26,639 INFO  [main] o.e.controller.SocialMediaAppMain : Enter your choice: 
2025-11-12 10:41:40,811 INFO  [main] o.e.controller.SocialMediaAppMain : Enter username to follow: 
2025-11-12 10:41:43,562 ERROR [main] o.e.controller.SocialMediaAppMain : Invalid usernames
2025-11-12 10:41:43,562 INFO  [main] o.e.controller.SocialMediaAppMain : 
------ SOCIAL MENU (Logged in as lokesh) ------
2025-11-12 10:41:43,562 INFO  [main] o.e.controller.SocialMediaAppMain : 1. View Profile
2025-11-12 10:41:43,562 INFO  [main] o.e.controller.SocialMediaAppMain : 2. Create Profile
2025-11-12 10:41:43,562 INFO  [main] o.e.controller.SocialMediaAppMain : 3. Update Profile
2025-11-12 10:41:43,562 INFO  [main] o.e.controller.SocialMediaAppMain : 4. Send Friend Request
2025-11-12 10:41:43,562 INFO  [main] o.e.controller.SocialMediaAppMain : 5. View Pending Requests
2025-11-12 10:41:43,562 INFO  [main] o.e.controller.SocialMediaAppMain : 6. Accept Friend Request
2025-11-12 10:41:43,562 INFO  [main] o.e.controller.SocialMediaAppMain : 7. Follow User
2025-11-12 10:41:43,562 INFO  [main] o.e.controller.SocialMediaAppMain : 8. Unfollow User
2025-11-12 10:41:43,562 INFO  [main] o.e.controller.SocialMediaAppMain : 9. View Followers
2025-11-12 10:41:43,562 INFO  [main] o.e.controller.SocialMediaAppMain : 10. View Following
2025-11-12 10:41:43,562 INFO  [main] o.e.controller.SocialMediaAppMain : 11. Create Post
2025-11-12 10:41:43,562 INFO  [main] o.e.controller.SocialMediaAppMain : 12. Create Post with Image
2025-11-12 10:41:43,563 INFO  [main] o.e.controller.SocialMediaAppMain : 13. View All Posts
2025-11-12 10:41:43,563 INFO  [main] o.e.controller.SocialMediaAppMain : 14. View Personalized Feed
2025-11-12 10:41:43,563 INFO  [main] o.e.controller.SocialMediaAppMain : 15. Like a Post
2025-11-12 10:41:43,563 INFO  [main] o.e.controller.SocialMediaAppMain : 16. Comment on a Post
2025-11-12 10:41:43,563 INFO  [main] o.e.controller.SocialMediaAppMain : 17. Logout
2025-11-12 10:41:43,563 INFO  [main] o.e.controller.SocialMediaAppMain : Enter your choice: 
2025-11-12 10:41:52,227 INFO  [main] o.e.controller.SocialMediaAppMain : Enter username to follow: 
2025-11-12 10:41:55,010 INFO  [main] o.e.controller.SocialMediaAppMain : You are now following this user!
2025-11-12 10:41:55,011 INFO  [main] o.e.controller.SocialMediaAppMain : 
------ SOCIAL MENU (Logged in as lokesh) ------
2025-11-12 10:41:55,011 INFO  [main] o.e.controller.SocialMediaAppMain : 1. View Profile
2025-11-12 10:41:55,011 INFO  [main] o.e.controller.SocialMediaAppMain : 2. Create Profile
2025-11-12 10:41:55,011 INFO  [main] o.e.controller.SocialMediaAppMain : 3. Update Profile
2025-11-12 10:41:55,011 INFO  [main] o.e.controller.SocialMediaAppMain : 4. Send Friend Request
2025-11-12 10:41:55,011 INFO  [main] o.e.controller.SocialMediaAppMain : 5. View Pending Requests
2025-11-12 10:41:55,011 INFO  [main] o.e.controller.SocialMediaAppMain : 6. Accept Friend Request
2025-11-12 10:41:55,011 INFO  [main] o.e.controller.SocialMediaAppMain : 7. Follow User
2025-11-12 10:41:55,011 INFO  [main] o.e.controller.SocialMediaAppMain : 8. Unfollow User
2025-11-12 10:41:55,011 INFO  [main] o.e.controller.SocialMediaAppMain : 9. View Followers
2025-11-12 10:41:55,011 INFO  [main] o.e.controller.SocialMediaAppMain : 10. View Following
2025-11-12 10:41:55,011 INFO  [main] o.e.controller.SocialMediaAppMain : 11. Create Post
2025-11-12 10:41:55,011 INFO  [main] o.e.controller.SocialMediaAppMain : 12. Create Post with Image
2025-11-12 10:41:55,011 INFO  [main] o.e.controller.SocialMediaAppMain : 13. View All Posts
2025-11-12 10:41:55,011 INFO  [main] o.e.controller.SocialMediaAppMain : 14. View Personalized Feed
2025-11-12 10:41:55,011 INFO  [main] o.e.controller.SocialMediaAppMain : 15. Like a Post
2025-11-12 10:41:55,011 INFO  [main] o.e.controller.SocialMediaAppMain : 16. Comment on a Post
2025-11-12 10:41:55,011 INFO  [main] o.e.controller.SocialMediaAppMain : 17. Logout
2025-11-12 10:41:55,011 INFO  [main] o.e.controller.SocialMediaAppMain : Enter your choice: 
2025-11-12 10:42:01,591 INFO  [main] o.e.controller.SocialMediaAppMain : 
------ SOCIAL MENU (Logged in as lokesh) ------
2025-11-12 10:42:01,591 INFO  [main] o.e.controller.SocialMediaAppMain : 1. View Profile
2025-11-12 10:42:01,591 INFO  [main] o.e.controller.SocialMediaAppMain : 2. Create Profile
2025-11-12 10:42:01,591 INFO  [main] o.e.controller.SocialMediaAppMain : 3. Update Profile
2025-11-12 10:42:01,591 INFO  [main] o.e.controller.SocialMediaAppMain : 4. Send Friend Request
2025-11-12 10:42:01,591 INFO  [main] o.e.controller.SocialMediaAppMain : 5. View Pending Requests
2025-11-12 10:42:01,591 INFO  [main] o.e.controller.SocialMediaAppMain : 6. Accept Friend Request
2025-11-12 10:42:01,591 INFO  [main] o.e.controller.SocialMediaAppMain : 7. Follow User
2025-11-12 10:42:01,591 INFO  [main] o.e.controller.SocialMediaAppMain : 8. Unfollow User
2025-11-12 10:42:01,591 INFO  [main] o.e.controller.SocialMediaAppMain : 9. View Followers
2025-11-12 10:42:01,591 INFO  [main] o.e.controller.SocialMediaAppMain : 10. View Following
2025-11-12 10:42:01,591 INFO  [main] o.e.controller.SocialMediaAppMain : 11. Create Post
2025-11-12 10:42:01,591 INFO  [main] o.e.controller.SocialMediaAppMain : 12. Create Post with Image
2025-11-12 10:42:01,591 INFO  [main] o.e.controller.SocialMediaAppMain : 13. View All Posts
2025-11-12 10:42:01,591 INFO  [main] o.e.controller.SocialMediaAppMain : 14. View Personalized Feed
2025-11-12 10:42:01,592 INFO  [main] o.e.controller.SocialMediaAppMain : 15. Like a Post
2025-11-12 10:42:01,592 INFO  [main] o.e.controller.SocialMediaAppMain : 16. Comment on a Post
2025-11-12 10:42:01,592 INFO  [main] o.e.controller.SocialMediaAppMain : 17. Logout
2025-11-12 10:42:01,592 INFO  [main] o.e.controller.SocialMediaAppMain : Enter your choice: 
2025-11-12 10:43:20,737 INFO  [main] o.e.controller.SocialMediaAppMain : Author: keshav
2025-11-12 10:43:20,737 INFO  [main] o.e.controller.SocialMediaAppMain : Content: Sometimes hard times will teach you the bettertimes.
2025-11-12 10:43:20,737 INFO  [main] o.e.controller.SocialMediaAppMain : Likes: 1
2025-11-12 10:43:20,737 INFO  [main] o.e.controller.SocialMediaAppMain : Comments: 1
2025-11-12 10:43:20,737 INFO  [main] o.e.controller.SocialMediaAppMain : Post ID: 69133baa2bc58a7bce18f39b
2025-11-12 10:43:20,737 INFO  [main] o.e.controller.SocialMediaAppMain : ---------------------------------------
2025-11-12 10:43:20,737 INFO  [main] o.e.controller.SocialMediaAppMain : Author: charanreddy
2025-11-12 10:43:20,737 INFO  [main] o.e.controller.SocialMediaAppMain : Content: All Godd....
2025-11-12 10:43:20,737 INFO  [main] o.e.controller.SocialMediaAppMain : Likes: 0
2025-11-12 10:43:20,737 INFO  [main] o.e.controller.SocialMediaAppMain : Comments: 0
2025-11-12 10:43:20,737 INFO  [main] o.e.controller.SocialMediaAppMain : Post ID: 69137e991164031bf819612b
2025-11-12 10:43:20,737 INFO  [main] o.e.controller.SocialMediaAppMain : ---------------------------------------
2025-11-12 10:43:20,737 INFO  [main] o.e.controller.SocialMediaAppMain : Author: charanreddy
2025-11-12 10:43:20,737 INFO  [main] o.e.controller.SocialMediaAppMain : Content: Stay high.....
2025-11-12 10:43:20,737 INFO  [main] o.e.controller.SocialMediaAppMain : Likes: 0
2025-11-12 10:43:20,737 INFO  [main] o.e.controller.SocialMediaAppMain : Comments: 0
2025-11-12 10:43:20,737 INFO  [main] o.e.controller.SocialMediaAppMain : Post ID: 6913818a1164031bf819612c
2025-11-12 10:43:20,737 INFO  [main] o.e.controller.SocialMediaAppMain : ---------------------------------------
2025-11-12 10:43:20,737 INFO  [main] o.e.controller.SocialMediaAppMain : Author: charanreddy
2025-11-12 10:43:20,737 INFO  [main] o.e.controller.SocialMediaAppMain : Content: good
2025-11-12 10:43:20,737 INFO  [main] o.e.controller.SocialMediaAppMain : Likes: 0
2025-11-12 10:43:20,737 INFO  [main] o.e.controller.SocialMediaAppMain : Comments: 0
2025-11-12 10:43:20,737 INFO  [main] o.e.controller.SocialMediaAppMain : Post ID: 691381e41164031bf819612d
2025-11-12 10:43:20,737 INFO  [main] o.e.controller.SocialMediaAppMain : ---------------------------------------
2025-11-12 10:43:20,737 INFO  [main] o.e.controller.SocialMediaAppMain : 
------ SOCIAL MENU (Logged in as lokesh) ------
2025-11-12 10:43:20,738 INFO  [main] o.e.controller.SocialMediaAppMain : 1. View Profile
2025-11-12 10:43:20,738 INFO  [main] o.e.controller.SocialMediaAppMain : 2. Create Profile
2025-11-12 10:43:20,738 INFO  [main] o.e.controller.SocialMediaAppMain : 3. Update Profile
2025-11-12 10:43:20,738 INFO  [main] o.e.controller.SocialMediaAppMain : 4. Send Friend Request
2025-11-12 10:43:20,738 INFO  [main] o.e.controller.SocialMediaAppMain : 5. View Pending Requests
2025-11-12 10:43:20,738 INFO  [main] o.e.controller.SocialMediaAppMain : 6. Accept Friend Request
2025-11-12 10:43:20,738 INFO  [main] o.e.controller.SocialMediaAppMain : 7. Follow User
2025-11-12 10:43:20,738 INFO  [main] o.e.controller.SocialMediaAppMain : 8. Unfollow User
2025-11-12 10:43:20,738 INFO  [main] o.e.controller.SocialMediaAppMain : 9. View Followers
2025-11-12 10:43:20,738 INFO  [main] o.e.controller.SocialMediaAppMain : 10. View Following
2025-11-12 10:43:20,738 INFO  [main] o.e.controller.SocialMediaAppMain : 11. Create Post
2025-11-12 10:43:20,738 INFO  [main] o.e.controller.SocialMediaAppMain : 12. Create Post with Image
2025-11-12 10:43:20,738 INFO  [main] o.e.controller.SocialMediaAppMain : 13. View All Posts
2025-11-12 10:43:20,738 INFO  [main] o.e.controller.SocialMediaAppMain : 14. View Personalized Feed
2025-11-12 10:43:20,738 INFO  [main] o.e.controller.SocialMediaAppMain : 15. Like a Post
2025-11-12 10:43:20,738 INFO  [main] o.e.controller.SocialMediaAppMain : 16. Comment on a Post
2025-11-12 10:43:20,738 INFO  [main] o.e.controller.SocialMediaAppMain : 17. Logout
2025-11-12 10:43:20,738 INFO  [main] o.e.controller.SocialMediaAppMain : Enter your choice: 
2025-11-12 12:13:39,962 INFO  [main] org.mongodb.driver.client : MongoClient with metadata {"driver": {"name": "mongo-java-driver|sync", "version": "5.1.0"}, "os": {"type": "Windows", "name": "Windows 11", "architecture": "amd64", "version": "10.0"}, "platform": "Java/Oracle Corporation/23.0.2+7-58"} created with settings MongoClientSettings{readPreference=primary, writeConcern=WriteConcern{w=null, wTimeout=null ms, journal=null}, retryWrites=true, retryReads=true, readConcern=ReadConcern{level=null}, credential=null, transportSettings=null, commandListeners=[], codecRegistry=ProvidersCodecRegistry{codecProviders=[ValueCodecProvider{}, BsonValueCodecProvider{}, DBRefCodecProvider{}, DBObjectCodecProvider{}, DocumentCodecProvider{}, CollectionCodecProvider{}, IterableCodecProvider{}, MapCodecProvider{}, GeoJsonCodecProvider{}, GridFSFileCodecProvider{}, Jsr310CodecProvider{}, JsonObjectCodecProvider{}, BsonCodecProvider{}, EnumCodecProvider{}, com.mongodb.client.model.mql.ExpressionCodecProvider@6b09fb41, com.mongodb.Jep395RecordCodecProvider@624ea235, com.mongodb.KotlinCodecProvider@3932c79a]}, loggerSettings=LoggerSettings{maxDocumentLength=1000}, clusterSettings={hosts=[localhost:27017], srvServiceName=mongodb, mode=SINGLE, requiredClusterType=UNKNOWN, requiredReplicaSetName='null', serverSelector='null', clusterListeners='[]', serverSelectionTimeout='30000 ms', localThreshold='15 ms'}, socketSettings=SocketSettings{connectTimeoutMS=10000, readTimeoutMS=0, receiveBufferSize=0, proxySettings=ProxySettings{host=null, port=null, username=null, password=null}}, heartbeatSocketSettings=SocketSettings{connectTimeoutMS=10000, readTimeoutMS=10000, receiveBufferSize=0, proxySettings=ProxySettings{host=null, port=null, username=null, password=null}}, connectionPoolSettings=ConnectionPoolSettings{maxSize=100, minSize=0, maxWaitTimeMS=120000, maxConnectionLifeTimeMS=0, maxConnectionIdleTimeMS=0, maintenanceInitialDelayMS=0, maintenanceFrequencyMS=60000, connectionPoolListeners=[], maxConnecting=2}, serverSettings=ServerSettings{heartbeatFrequencyMS=10000, minHeartbeatFrequencyMS=500, serverMonitoringMode=AUTO, serverListeners='[]', serverMonitorListeners='[]'}, sslSettings=SslSettings{enabled=false, invalidHostNameAllowed=false, context=null}, applicationName='null', compressorList=[], uuidRepresentation=UNSPECIFIED, serverApi=null, autoEncryptionSettings=null, dnsClient=null, inetAddressResolver=null, contextProvider=null}
2025-11-12 12:13:39,979 INFO  [cluster-ClusterId{value='69142c9bee6f9372e1f9c23b', description='null'}-localhost:27017] org.mongodb.driver.cluster : Monitor thread successfully connected to server with description ServerDescription{address=localhost:27017, type=STANDALONE, state=CONNECTED, ok=true, minWireVersion=0, maxWireVersion=27, maxDocumentSize=16777216, logicalSessionTimeoutMinutes=30, roundTripTimeNanos=27889300}
2025-11-12 12:13:40,571 INFO  [main] o.e.controller.SocialMediaAppMain : =========== SOCIAL MEDIA APP ===========
2025-11-12 12:13:40,572 INFO  [main] o.e.controller.SocialMediaAppMain : 
------ MAIN MENU ------
2025-11-12 12:13:40,572 INFO  [main] o.e.controller.SocialMediaAppMain : 1. Register
2025-11-12 12:13:40,572 INFO  [main] o.e.controller.SocialMediaAppMain : 2. Login
2025-11-12 12:13:40,572 INFO  [main] o.e.controller.SocialMediaAppMain : 3. Forgot Password
2025-11-12 12:13:40,572 INFO  [main] o.e.controller.SocialMediaAppMain : 4. Exit
2025-11-12 12:13:40,572 WARN  [main] o.e.controller.SocialMediaAppMain : Enter your choice: 
2025-11-12 12:13:42,510 INFO  [main] o.e.controller.SocialMediaAppMain : 
--- User Login ---
2025-11-12 12:13:42,510 INFO  [main] o.e.controller.SocialMediaAppMain : Enter Username: 
2025-11-12 12:13:44,477 INFO  [main] o.e.controller.SocialMediaAppMain : Enter Password: 
2025-11-12 12:13:48,176 INFO  [main] o.e.controller.SocialMediaAppMain : Login successful!
2025-11-12 12:13:48,176 INFO  [main] o.e.controller.SocialMediaAppMain : 
Welcome, lokesh!
2025-11-12 12:13:48,176 INFO  [main] o.e.controller.SocialMediaAppMain : 
------ SOCIAL MENU (Logged in as lokesh) ------
2025-11-12 12:13:48,176 INFO  [main] o.e.controller.SocialMediaAppMain : 1. View Profile
2025-11-12 12:13:48,176 INFO  [main] o.e.controller.SocialMediaAppMain : 2. Create Profile
2025-11-12 12:13:48,176 INFO  [main] o.e.controller.SocialMediaAppMain : 3. Update Profile
2025-11-12 12:13:48,176 INFO  [main] o.e.controller.SocialMediaAppMain : 4. Send Friend Request
2025-11-12 12:13:48,176 INFO  [main] o.e.controller.SocialMediaAppMain : 5. View Pending Requests
2025-11-12 12:13:48,176 INFO  [main] o.e.controller.SocialMediaAppMain : 6. Accept Friend Request
2025-11-12 12:13:48,176 INFO  [main] o.e.controller.SocialMediaAppMain : 7. Follow User
2025-11-12 12:13:48,176 INFO  [main] o.e.controller.SocialMediaAppMain : 8. Unfollow User
2025-11-12 12:13:48,176 INFO  [main] o.e.controller.SocialMediaAppMain : 9. View Followers
2025-11-12 12:13:48,176 INFO  [main] o.e.controller.SocialMediaAppMain : 10. View Following
2025-11-12 12:13:48,176 INFO  [main] o.e.controller.SocialMediaAppMain : 11. Create Post
2025-11-12 12:13:48,176 INFO  [main] o.e.controller.SocialMediaAppMain : 12. Create Post with Image
2025-11-12 12:13:48,176 INFO  [main] o.e.controller.SocialMediaAppMain : 13. Like a Post
2025-11-12 12:13:48,176 INFO  [main] o.e.controller.SocialMediaAppMain : 14. Comment on a Post
2025-11-12 12:13:48,176 INFO  [main] o.e.controller.SocialMediaAppMain : 15. View All Posts
2025-11-12 12:13:48,176 INFO  [main] o.e.controller.SocialMediaAppMain : 16. View Personalized Feed
2025-11-12 12:13:48,176 INFO  [main] o.e.controller.SocialMediaAppMain : 17. Logout
2025-11-12 12:13:48,176 INFO  [main] o.e.controller.SocialMediaAppMain : Enter your choice: 
2025-11-12 12:13:54,048 INFO  [main] o.e.controller.SocialMediaAppMain : Enter post content: 
2025-11-12 12:19:35,056 INFO  [main] o.e.controller.SocialMediaAppMain : Enter image file path (e.g., C:\images\pic1.jpg): 
2025-11-12 12:19:35,143 INFO  [main] o.e.controller.SocialMediaAppMain : 
------ SOCIAL MENU (Logged in as lokesh) ------
2025-11-12 12:19:35,145 INFO  [main] o.e.controller.SocialMediaAppMain : 1. View Profile
2025-11-12 12:19:35,145 INFO  [main] o.e.controller.SocialMediaAppMain : 2. Create Profile
2025-11-12 12:19:35,145 INFO  [main] o.e.controller.SocialMediaAppMain : 3. Update Profile
2025-11-12 12:19:35,145 INFO  [main] o.e.controller.SocialMediaAppMain : 4. Send Friend Request
2025-11-12 12:19:35,145 INFO  [main] o.e.controller.SocialMediaAppMain : 5. View Pending Requests
2025-11-12 12:19:35,145 INFO  [main] o.e.controller.SocialMediaAppMain : 6. Accept Friend Request
2025-11-12 12:19:35,145 INFO  [main] o.e.controller.SocialMediaAppMain : 7. Follow User
2025-11-12 12:19:35,145 INFO  [main] o.e.controller.SocialMediaAppMain : 8. Unfollow User
2025-11-12 12:19:35,145 INFO  [main] o.e.controller.SocialMediaAppMain : 9. View Followers
2025-11-12 12:19:35,145 INFO  [main] o.e.controller.SocialMediaAppMain : 10. View Following
2025-11-12 12:19:35,145 INFO  [main] o.e.controller.SocialMediaAppMain : 11. Create Post
2025-11-12 12:19:35,145 INFO  [main] o.e.controller.SocialMediaAppMain : 12. Create Post with Image
2025-11-12 12:19:35,145 INFO  [main] o.e.controller.SocialMediaAppMain : 13. Like a Post
2025-11-12 12:19:35,145 INFO  [main] o.e.controller.SocialMediaAppMain : 14. Comment on a Post
2025-11-12 12:19:35,145 INFO  [main] o.e.controller.SocialMediaAppMain : 15. View All Posts
2025-11-12 12:19:35,145 INFO  [main] o.e.controller.SocialMediaAppMain : 16. View Personalized Feed
2025-11-12 12:19:35,145 INFO  [main] o.e.controller.SocialMediaAppMain : 17. Logout
2025-11-12 12:19:35,145 INFO  [main] o.e.controller.SocialMediaAppMain : Enter your choice: 
2025-11-12 12:20:05,679 INFO  [main] o.e.controller.SocialMediaAppMain : Enter post content: 
2025-11-12 12:21:34,293 INFO  [main] o.e.controller.SocialMediaAppMain : Enter image file path (e.g., C:\images\pic1.jpg): 
2025-11-12 12:21:44,132 INFO  [main] o.e.controller.SocialMediaAppMain : 
------ SOCIAL MENU (Logged in as lokesh) ------
2025-11-12 12:21:44,133 INFO  [main] o.e.controller.SocialMediaAppMain : 1. View Profile
2025-11-12 12:21:44,133 INFO  [main] o.e.controller.SocialMediaAppMain : 2. Create Profile
2025-11-12 12:21:44,133 INFO  [main] o.e.controller.SocialMediaAppMain : 3. Update Profile
2025-11-12 12:21:44,133 INFO  [main] o.e.controller.SocialMediaAppMain : 4. Send Friend Request
2025-11-12 12:21:44,133 INFO  [main] o.e.controller.SocialMediaAppMain : 5. View Pending Requests
2025-11-12 12:21:44,133 INFO  [main] o.e.controller.SocialMediaAppMain : 6. Accept Friend Request
2025-11-12 12:21:44,133 INFO  [main] o.e.controller.SocialMediaAppMain : 7. Follow User
2025-11-12 12:21:44,133 INFO  [main] o.e.controller.SocialMediaAppMain : 8. Unfollow User
2025-11-12 12:21:44,133 INFO  [main] o.e.controller.SocialMediaAppMain : 9. View Followers
2025-11-12 12:21:44,133 INFO  [main] o.e.controller.SocialMediaAppMain : 10. View Following
2025-11-12 12:21:44,133 INFO  [main] o.e.controller.SocialMediaAppMain : 11. Create Post
2025-11-12 12:21:44,133 INFO  [main] o.e.controller.SocialMediaAppMain : 12. Create Post with Image
2025-11-12 12:21:44,133 INFO  [main] o.e.controller.SocialMediaAppMain : 13. Like a Post
2025-11-12 12:21:44,133 INFO  [main] o.e.controller.SocialMediaAppMain : 14. Comment on a Post
2025-11-12 12:21:44,133 INFO  [main] o.e.controller.SocialMediaAppMain : 15. View All Posts
2025-11-12 12:21:44,133 INFO  [main] o.e.controller.SocialMediaAppMain : 16. View Personalized Feed
2025-11-12 12:21:44,133 INFO  [main] o.e.controller.SocialMediaAppMain : 17. Logout
2025-11-12 12:21:44,133 INFO  [main] o.e.controller.SocialMediaAppMain : Enter your choice: 
2025-11-12 12:21:59,573 INFO  [main] o.e.controller.SocialMediaAppMain : Enter Post ID to like: 
2025-11-12 12:22:24,531 INFO  [main] org.mongodb.driver.client : MongoClient with metadata {"driver": {"name": "mongo-java-driver|sync", "version": "5.1.0"}, "os": {"type": "Windows", "name": "Windows 11", "architecture": "amd64", "version": "10.0"}, "platform": "Java/Oracle Corporation/23.0.2+7-58"} created with settings MongoClientSettings{readPreference=primary, writeConcern=WriteConcern{w=null, wTimeout=null ms, journal=null}, retryWrites=true, retryReads=true, readConcern=ReadConcern{level=null}, credential=null, transportSettings=null, commandListeners=[], codecRegistry=ProvidersCodecRegistry{codecProviders=[ValueCodecProvider{}, BsonValueCodecProvider{}, DBRefCodecProvider{}, DBObjectCodecProvider{}, DocumentCodecProvider{}, CollectionCodecProvider{}, IterableCodecProvider{}, MapCodecProvider{}, GeoJsonCodecProvider{}, GridFSFileCodecProvider{}, Jsr310CodecProvider{}, JsonObjectCodecProvider{}, BsonCodecProvider{}, EnumCodecProvider{}, com.mongodb.client.model.mql.ExpressionCodecProvider@3932c79a, com.mongodb.Jep395RecordCodecProvider@782859e, com.mongodb.KotlinCodecProvider@23f5b5dc]}, loggerSettings=LoggerSettings{maxDocumentLength=1000}, clusterSettings={hosts=[localhost:27017], srvServiceName=mongodb, mode=SINGLE, requiredClusterType=UNKNOWN, requiredReplicaSetName='null', serverSelector='null', clusterListeners='[]', serverSelectionTimeout='30000 ms', localThreshold='15 ms'}, socketSettings=SocketSettings{connectTimeoutMS=10000, readTimeoutMS=0, receiveBufferSize=0, proxySettings=ProxySettings{host=null, port=null, username=null, password=null}}, heartbeatSocketSettings=SocketSettings{connectTimeoutMS=10000, readTimeoutMS=10000, receiveBufferSize=0, proxySettings=ProxySettings{host=null, port=null, username=null, password=null}}, connectionPoolSettings=ConnectionPoolSettings{maxSize=100, minSize=0, maxWaitTimeMS=120000, maxConnectionLifeTimeMS=0, maxConnectionIdleTimeMS=0, maintenanceInitialDelayMS=0, maintenanceFrequencyMS=60000, connectionPoolListeners=[], maxConnecting=2}, serverSettings=ServerSettings{heartbeatFrequencyMS=10000, minHeartbeatFrequencyMS=500, serverMonitoringMode=AUTO, serverListeners='[]', serverMonitorListeners='[]'}, sslSettings=SslSettings{enabled=false, invalidHostNameAllowed=false, context=null}, applicationName='null', compressorList=[], uuidRepresentation=UNSPECIFIED, serverApi=null, autoEncryptionSettings=null, dnsClient=null, inetAddressResolver=null, contextProvider=null}
2025-11-12 12:22:24,556 INFO  [cluster-ClusterId{value='69142ea8533f9007864ee000', description='null'}-localhost:27017] org.mongodb.driver.cluster : Monitor thread successfully connected to server with description ServerDescription{address=localhost:27017, type=STANDALONE, state=CONNECTED, ok=true, minWireVersion=0, maxWireVersion=27, maxDocumentSize=16777216, logicalSessionTimeoutMinutes=30, roundTripTimeNanos=23473200}
2025-11-12 12:22:25,094 INFO  [main] o.e.controller.SocialMediaAppMain : =========== SOCIAL MEDIA APP ===========
2025-11-12 12:22:25,094 INFO  [main] o.e.controller.SocialMediaAppMain : 
------ MAIN MENU ------
2025-11-12 12:22:25,094 INFO  [main] o.e.controller.SocialMediaAppMain : 1. Register
2025-11-12 12:22:25,094 INFO  [main] o.e.controller.SocialMediaAppMain : 2. Login
2025-11-12 12:22:25,094 INFO  [main] o.e.controller.SocialMediaAppMain : 3. Forgot Password
2025-11-12 12:22:25,094 INFO  [main] o.e.controller.SocialMediaAppMain : 4. Exit
2025-11-12 12:22:25,094 WARN  [main] o.e.controller.SocialMediaAppMain : Enter your choice: 
2025-11-12 12:22:27,919 INFO  [main] o.e.controller.SocialMediaAppMain : 
--- User Login ---
2025-11-12 12:22:27,920 INFO  [main] o.e.controller.SocialMediaAppMain : Enter Username: 
2025-11-12 12:22:30,213 INFO  [main] o.e.controller.SocialMediaAppMain : Enter Password: 
2025-11-12 12:22:32,746 INFO  [main] o.e.controller.SocialMediaAppMain : Login successful!
2025-11-12 12:22:32,747 INFO  [main] o.e.controller.SocialMediaAppMain : 
Welcome, lokesh!
2025-11-12 12:22:32,748 INFO  [main] o.e.controller.SocialMediaAppMain : 
------ SOCIAL MENU (Logged in as lokesh) ------
2025-11-12 12:22:32,748 INFO  [main] o.e.controller.SocialMediaAppMain : 1. View Profile
2025-11-12 12:22:32,748 INFO  [main] o.e.controller.SocialMediaAppMain : 2. Create Profile
2025-11-12 12:22:32,748 INFO  [main] o.e.controller.SocialMediaAppMain : 3. Update Profile
2025-11-12 12:22:32,748 INFO  [main] o.e.controller.SocialMediaAppMain : 4. Send Friend Request
2025-11-12 12:22:32,748 INFO  [main] o.e.controller.SocialMediaAppMain : 5. View Pending Requests
2025-11-12 12:22:32,748 INFO  [main] o.e.controller.SocialMediaAppMain : 6. Accept Friend Request
2025-11-12 12:22:32,748 INFO  [main] o.e.controller.SocialMediaAppMain : 7. Follow User
2025-11-12 12:22:32,748 INFO  [main] o.e.controller.SocialMediaAppMain : 8. Unfollow User
2025-11-12 12:22:32,748 INFO  [main] o.e.controller.SocialMediaAppMain : 9. View Followers
2025-11-12 12:22:32,748 INFO  [main] o.e.controller.SocialMediaAppMain : 10. View Following
2025-11-12 12:22:32,748 INFO  [main] o.e.controller.SocialMediaAppMain : 11. Create Post
2025-11-12 12:22:32,748 INFO  [main] o.e.controller.SocialMediaAppMain : 12. Create Post with Image
2025-11-12 12:22:32,748 INFO  [main] o.e.controller.SocialMediaAppMain : 13. Like a Post
2025-11-12 12:22:32,748 INFO  [main] o.e.controller.SocialMediaAppMain : 14. Comment on a Post
2025-11-12 12:22:32,748 INFO  [main] o.e.controller.SocialMediaAppMain : 15. View All Posts
2025-11-12 12:22:32,748 INFO  [main] o.e.controller.SocialMediaAppMain : 16. View Personalized Feed
2025-11-12 12:22:32,748 INFO  [main] o.e.controller.SocialMediaAppMain : 17. Logout
2025-11-12 12:22:32,748 INFO  [main] o.e.controller.SocialMediaAppMain : Enter your choice: 
2025-11-12 12:22:36,508 INFO  [main] o.e.controller.SocialMediaAppMain : Enter post content: 
2025-11-12 12:22:46,801 INFO  [main] o.e.controller.SocialMediaAppMain : Enter image file path (e.g., C:\images\pic1.jpg): 
2025-11-12 12:23:05,859 INFO  [main] o.e.controller.SocialMediaAppMain : 
------ SOCIAL MENU (Logged in as lokesh) ------
2025-11-12 12:23:05,860 INFO  [main] o.e.controller.SocialMediaAppMain : 1. View Profile
2025-11-12 12:23:05,860 INFO  [main] o.e.controller.SocialMediaAppMain : 2. Create Profile
2025-11-12 12:23:05,860 INFO  [main] o.e.controller.SocialMediaAppMain : 3. Update Profile
2025-11-12 12:23:05,860 INFO  [main] o.e.controller.SocialMediaAppMain : 4. Send Friend Request
2025-11-12 12:23:05,860 INFO  [main] o.e.controller.SocialMediaAppMain : 5. View Pending Requests
2025-11-12 12:23:05,860 INFO  [main] o.e.controller.SocialMediaAppMain : 6. Accept Friend Request
2025-11-12 12:23:05,860 INFO  [main] o.e.controller.SocialMediaAppMain : 7. Follow User
2025-11-12 12:23:05,860 INFO  [main] o.e.controller.SocialMediaAppMain : 8. Unfollow User
2025-11-12 12:23:05,860 INFO  [main] o.e.controller.SocialMediaAppMain : 9. View Followers
2025-11-12 12:23:05,860 INFO  [main] o.e.controller.SocialMediaAppMain : 10. View Following
2025-11-12 12:23:05,860 INFO  [main] o.e.controller.SocialMediaAppMain : 11. Create Post
2025-11-12 12:23:05,860 INFO  [main] o.e.controller.SocialMediaAppMain : 12. Create Post with Image
2025-11-12 12:23:05,860 INFO  [main] o.e.controller.SocialMediaAppMain : 13. Like a Post
2025-11-12 12:23:05,860 INFO  [main] o.e.controller.SocialMediaAppMain : 14. Comment on a Post
2025-11-12 12:23:05,860 INFO  [main] o.e.controller.SocialMediaAppMain : 15. View All Posts
2025-11-12 12:23:05,860 INFO  [main] o.e.controller.SocialMediaAppMain : 16. View Personalized Feed
2025-11-12 12:23:05,860 INFO  [main] o.e.controller.SocialMediaAppMain : 17. Logout
2025-11-12 12:23:05,860 INFO  [main] o.e.controller.SocialMediaAppMain : Enter your choice: 
2025-11-12 12:46:57,272 INFO  [main] o.e.controller.SocialMediaAppMain : Write your post: 
2025-11-12 12:53:46,640 INFO  [main] o.e.controller.SocialMediaAppMain : 
------ SOCIAL MENU (Logged in as lokesh) ------
2025-11-12 12:53:46,642 INFO  [main] o.e.controller.SocialMediaAppMain : 1. View Profile
2025-11-12 12:53:46,642 INFO  [main] o.e.controller.SocialMediaAppMain : 2. Create Profile
2025-11-12 12:53:46,642 INFO  [main] o.e.controller.SocialMediaAppMain : 3. Update Profile
2025-11-12 12:53:46,642 INFO  [main] o.e.controller.SocialMediaAppMain : 4. Send Friend Request
2025-11-12 12:53:46,642 INFO  [main] o.e.controller.SocialMediaAppMain : 5. View Pending Requests
2025-11-12 12:53:46,642 INFO  [main] o.e.controller.SocialMediaAppMain : 6. Accept Friend Request
2025-11-12 12:53:46,642 INFO  [main] o.e.controller.SocialMediaAppMain : 7. Follow User
2025-11-12 12:53:46,643 INFO  [main] o.e.controller.SocialMediaAppMain : 8. Unfollow User
2025-11-12 12:53:46,643 INFO  [main] o.e.controller.SocialMediaAppMain : 9. View Followers
2025-11-12 12:53:46,643 INFO  [main] o.e.controller.SocialMediaAppMain : 10. View Following
2025-11-12 12:53:46,643 INFO  [main] o.e.controller.SocialMediaAppMain : 11. Create Post
2025-11-12 12:53:46,643 INFO  [main] o.e.controller.SocialMediaAppMain : 12. Create Post with Image
2025-11-12 12:53:46,643 INFO  [main] o.e.controller.SocialMediaAppMain : 13. Like a Post
2025-11-12 12:53:46,643 INFO  [main] o.e.controller.SocialMediaAppMain : 14. Comment on a Post
2025-11-12 12:53:46,643 INFO  [main] o.e.controller.SocialMediaAppMain : 15. View All Posts
2025-11-12 12:53:46,643 INFO  [main] o.e.controller.SocialMediaAppMain : 16. View Personalized Feed
2025-11-12 12:53:46,644 INFO  [main] o.e.controller.SocialMediaAppMain : 17. Logout
2025-11-12 12:53:46,644 INFO  [main] o.e.controller.SocialMediaAppMain : Enter your choice: 
2025-11-12 12:54:28,352 INFO  [main] o.e.controller.SocialMediaAppMain : Author: keshav
2025-11-12 12:54:28,352 INFO  [main] o.e.controller.SocialMediaAppMain : Content: Sometimes hard times will teach you the bettertimes.
2025-11-12 12:54:28,352 INFO  [main] o.e.controller.SocialMediaAppMain : Likes: 1
2025-11-12 12:54:28,353 INFO  [main] o.e.controller.SocialMediaAppMain : Comments: 1
2025-11-12 12:54:28,353 INFO  [main] o.e.controller.SocialMediaAppMain : Post ID: 69133baa2bc58a7bce18f39b
2025-11-12 12:54:28,353 INFO  [main] o.e.controller.SocialMediaAppMain : ---------------------------------------
2025-11-12 12:54:28,353 INFO  [main] o.e.controller.SocialMediaAppMain : Author: charanreddy
2025-11-12 12:54:28,353 INFO  [main] o.e.controller.SocialMediaAppMain : Content: All Godd....
2025-11-12 12:54:28,353 INFO  [main] o.e.controller.SocialMediaAppMain : Likes: 0
2025-11-12 12:54:28,353 INFO  [main] o.e.controller.SocialMediaAppMain : Comments: 0
2025-11-12 12:54:28,353 INFO  [main] o.e.controller.SocialMediaAppMain : Post ID: 69137e991164031bf819612b
2025-11-12 12:54:28,354 INFO  [main] o.e.controller.SocialMediaAppMain : ---------------------------------------
2025-11-12 12:54:28,354 INFO  [main] o.e.controller.SocialMediaAppMain : Author: charanreddy
2025-11-12 12:54:28,354 INFO  [main] o.e.controller.SocialMediaAppMain : Content: Stay high.....
2025-11-12 12:54:28,354 INFO  [main] o.e.controller.SocialMediaAppMain : Likes: 0
2025-11-12 12:54:28,354 INFO  [main] o.e.controller.SocialMediaAppMain : Comments: 0
2025-11-12 12:54:28,354 INFO  [main] o.e.controller.SocialMediaAppMain : Post ID: 6913818a1164031bf819612c
2025-11-12 12:54:28,354 INFO  [main] o.e.controller.SocialMediaAppMain : ---------------------------------------
2025-11-12 12:54:28,354 INFO  [main] o.e.controller.SocialMediaAppMain : Author: charanreddy
2025-11-12 12:54:28,354 INFO  [main] o.e.controller.SocialMediaAppMain : Content: good
2025-11-12 12:54:28,354 INFO  [main] o.e.controller.SocialMediaAppMain : Likes: 0
2025-11-12 12:54:28,354 INFO  [main] o.e.controller.SocialMediaAppMain : Comments: 0
2025-11-12 12:54:28,355 INFO  [main] o.e.controller.SocialMediaAppMain : Post ID: 691381e41164031bf819612d
2025-11-12 12:54:28,355 INFO  [main] o.e.controller.SocialMediaAppMain : ---------------------------------------
2025-11-12 12:54:28,355 INFO  [main] o.e.controller.SocialMediaAppMain : Author: lokesh
2025-11-12 12:54:28,355 INFO  [main] o.e.controller.SocialMediaAppMain : Content: Facebook is even bigger than we think
2025-11-12 12:54:28,355 INFO  [main] o.e.controller.SocialMediaAppMain : Likes: 0
2025-11-12 12:54:28,355 INFO  [main] o.e.controller.SocialMediaAppMain : Comments: 0
2025-11-12 12:54:28,355 INFO  [main] o.e.controller.SocialMediaAppMain : Post ID: 69142dffee6f9372e1f9c23c
2025-11-12 12:54:28,355 INFO  [main] o.e.controller.SocialMediaAppMain : ---------------------------------------
2025-11-12 12:54:28,356 INFO  [main] o.e.controller.SocialMediaAppMain : Author: lokesh
2025-11-12 12:54:28,356 INFO  [main] o.e.controller.SocialMediaAppMain : Content: C:\Users\chara\Downloads\Fb logo.png
2025-11-12 12:54:28,356 INFO  [main] o.e.controller.SocialMediaAppMain : Likes: 0
2025-11-12 12:54:28,356 INFO  [main] o.e.controller.SocialMediaAppMain : Comments: 0
2025-11-12 12:54:28,356 INFO  [main] o.e.controller.SocialMediaAppMain : Post ID: 69142e80ee6f9372e1f9c23d
2025-11-12 12:54:28,356 INFO  [main] o.e.controller.SocialMediaAppMain : ---------------------------------------
2025-11-12 12:54:28,356 INFO  [main] o.e.controller.SocialMediaAppMain : Author: lokesh
2025-11-12 12:54:28,356 INFO  [main] o.e.controller.SocialMediaAppMain : Content: Facebook is bigger than we think......
2025-11-12 12:54:28,356 INFO  [main] o.e.controller.SocialMediaAppMain : Likes: 0
2025-11-12 12:54:28,356 INFO  [main] o.e.controller.SocialMediaAppMain : Comments: 0
2025-11-12 12:54:28,356 INFO  [main] o.e.controller.SocialMediaAppMain : Post ID: 69142ed1533f9007864ee001
2025-11-12 12:54:28,356 INFO  [main] o.e.controller.SocialMediaAppMain : ---------------------------------------
2025-11-12 12:54:28,356 INFO  [main] o.e.controller.SocialMediaAppMain : Author: lokesh
2025-11-12 12:54:28,356 INFO  [main] o.e.controller.SocialMediaAppMain : Content: as
2025-11-12 12:54:28,356 INFO  [main] o.e.controller.SocialMediaAppMain : Likes: 0
2025-11-12 12:54:28,356 INFO  [main] o.e.controller.SocialMediaAppMain : Comments: 0
2025-11-12 12:54:28,356 INFO  [main] o.e.controller.SocialMediaAppMain : Post ID: 69143602533f9007864ee002
2025-11-12 12:54:28,356 INFO  [main] o.e.controller.SocialMediaAppMain : ---------------------------------------
2025-11-12 12:54:28,356 INFO  [main] o.e.controller.SocialMediaAppMain : 
------ SOCIAL MENU (Logged in as lokesh) ------
2025-11-12 12:54:28,358 INFO  [main] o.e.controller.SocialMediaAppMain : 1. View Profile
2025-11-12 12:54:28,358 INFO  [main] o.e.controller.SocialMediaAppMain : 2. Create Profile
2025-11-12 12:54:28,358 INFO  [main] o.e.controller.SocialMediaAppMain : 3. Update Profile
2025-11-12 12:54:28,358 INFO  [main] o.e.controller.SocialMediaAppMain : 4. Send Friend Request
2025-11-12 12:54:28,358 INFO  [main] o.e.controller.SocialMediaAppMain : 5. View Pending Requests
2025-11-12 12:54:28,359 INFO  [main] o.e.controller.SocialMediaAppMain : 6. Accept Friend Request
2025-11-12 12:54:28,359 INFO  [main] o.e.controller.SocialMediaAppMain : 7. Follow User
2025-11-12 12:54:28,359 INFO  [main] o.e.controller.SocialMediaAppMain : 8. Unfollow User
2025-11-12 12:54:28,359 INFO  [main] o.e.controller.SocialMediaAppMain : 9. View Followers
2025-11-12 12:54:28,359 INFO  [main] o.e.controller.SocialMediaAppMain : 10. View Following
2025-11-12 12:54:28,359 INFO  [main] o.e.controller.SocialMediaAppMain : 11. Create Post
2025-11-12 12:54:28,359 INFO  [main] o.e.controller.SocialMediaAppMain : 12. Create Post with Image
2025-11-12 12:54:28,359 INFO  [main] o.e.controller.SocialMediaAppMain : 13. Like a Post
2025-11-12 12:54:28,359 INFO  [main] o.e.controller.SocialMediaAppMain : 14. Comment on a Post
2025-11-12 12:54:28,359 INFO  [main] o.e.controller.SocialMediaAppMain : 15. View All Posts
2025-11-12 12:54:28,359 INFO  [main] o.e.controller.SocialMediaAppMain : 16. View Personalized Feed
2025-11-12 12:54:28,359 INFO  [main] o.e.controller.SocialMediaAppMain : 17. Logout
2025-11-12 12:54:28,359 INFO  [main] o.e.controller.SocialMediaAppMain : Enter your choice: 
2025-11-12 12:55:05,051 INFO  [main] o.e.controller.SocialMediaAppMain : Enter Post ID to like: 
2025-11-12 22:53:06,024 INFO  [main] org.mongodb.driver.client : MongoClient with metadata {"driver": {"name": "mongo-java-driver|sync", "version": "5.1.0"}, "os": {"type": "Windows", "name": "Windows 11", "architecture": "amd64", "version": "10.0"}, "platform": "Java/Oracle Corporation/23.0.2+7-58"} created with settings MongoClientSettings{readPreference=primary, writeConcern=WriteConcern{w=null, wTimeout=null ms, journal=null}, retryWrites=true, retryReads=true, readConcern=ReadConcern{level=null}, credential=null, transportSettings=null, commandListeners=[], codecRegistry=ProvidersCodecRegistry{codecProviders=[ValueCodecProvider{}, BsonValueCodecProvider{}, DBRefCodecProvider{}, DBObjectCodecProvider{}, DocumentCodecProvider{}, CollectionCodecProvider{}, IterableCodecProvider{}, MapCodecProvider{}, GeoJsonCodecProvider{}, GridFSFileCodecProvider{}, Jsr310CodecProvider{}, JsonObjectCodecProvider{}, BsonCodecProvider{}, EnumCodecProvider{}, com.mongodb.client.model.mql.ExpressionCodecProvider@25641d39, com.mongodb.Jep395RecordCodecProvider@7b36aa0c, com.mongodb.KotlinCodecProvider@5824a83d]}, loggerSettings=LoggerSettings{maxDocumentLength=1000}, clusterSettings={hosts=[localhost:27017], srvServiceName=mongodb, mode=SINGLE, requiredClusterType=UNKNOWN, requiredReplicaSetName='null', serverSelector='null', clusterListeners='[]', serverSelectionTimeout='30000 ms', localThreshold='15 ms'}, socketSettings=SocketSettings{connectTimeoutMS=10000, readTimeoutMS=0, receiveBufferSize=0, proxySettings=ProxySettings{host=null, port=null, username=null, password=null}}, heartbeatSocketSettings=SocketSettings{connectTimeoutMS=10000, readTimeoutMS=10000, receiveBufferSize=0, proxySettings=ProxySettings{host=null, port=null, username=null, password=null}}, connectionPoolSettings=ConnectionPoolSettings{maxSize=100, minSize=0, maxWaitTimeMS=120000, maxConnectionLifeTimeMS=0, maxConnectionIdleTimeMS=0, maintenanceInitialDelayMS=0, maintenanceFrequencyMS=60000, connectionPoolListeners=[], maxConnecting=2}, serverSettings=ServerSettings{heartbeatFrequencyMS=10000, minHeartbeatFrequencyMS=500, serverMonitoringMode=AUTO, serverListeners='[]', serverMonitorListeners='[]'}, sslSettings=SslSettings{enabled=false, invalidHostNameAllowed=false, context=null}, applicationName='null', compressorList=[], uuidRepresentation=UNSPECIFIED, serverApi=null, autoEncryptionSettings=null, dnsClient=null, inetAddressResolver=null, contextProvider=null}
2025-11-12 22:53:06,047 INFO  [cluster-ClusterId{value='6914c279639c312baa713279', description='null'}-localhost:27017] org.mongodb.driver.cluster : Monitor thread successfully connected to server with description ServerDescription{address=localhost:27017, type=STANDALONE, state=CONNECTED, ok=true, minWireVersion=0, maxWireVersion=27, maxDocumentSize=16777216, logicalSessionTimeoutMinutes=30, roundTripTimeNanos=34241000}
2025-11-12 22:53:06,844 INFO  [main] o.e.controller.SocialMediaAppMain : =====SOCIAL MEDIA APP =====
2025-11-12 22:53:06,845 INFO  [main] o.e.controller.SocialMediaAppMain : 
------ MAIN MENU ------
2025-11-12 22:53:06,845 INFO  [main] o.e.controller.SocialMediaAppMain : 1. Register
2025-11-12 22:53:06,845 INFO  [main] o.e.controller.SocialMediaAppMain : 2. Login
2025-11-12 22:53:06,845 INFO  [main] o.e.controller.SocialMediaAppMain : 3. Forgot Password
2025-11-12 22:53:06,845 INFO  [main] o.e.controller.SocialMediaAppMain : 4. Exit
2025-11-12 22:53:06,845 WARN  [main] o.e.controller.SocialMediaAppMain : Enter your choice: 
2025-11-12 23:46:58,069 ERROR [main] o.e.controller.SocialMediaAppMain : Invalid usernames
2025-11-12 23:46:58,199 INFO  [main] o.e.controller.SocialMediaAppMain : No pending requests
2025-11-12 23:46:58,250 WARN  [main] o.e.controller.SocialMediaAppMain : Invalid request ID.
