2025-11-09 00:40:31,079 INFO  [main] o.e.controller.SocialMediaAppMain : =========== SOCIAL MEDIA APP ===========
2025-11-09 00:56:33,040 INFO  [main] o.e.controller.SocialMediaAppMain : =========== SOCIAL MEDIA APP ===========
2025-11-09 11:27:26,401 INFO  [main] o.e.controller.SocialMediaAppMain : =========== SOCIAL MEDIA APP ===========
2025-11-09 11:35:08,979 INFO  [main] o.e.controller.SocialMediaAppMain : =========== SOCIAL MEDIA APP ===========
2025-11-09 11:35:08,981 INFO  [main] o.e.controller.SocialMediaAppMain : 
------ MAIN MENU ------
2025-11-09 11:35:08,981 INFO  [main] o.e.controller.SocialMediaAppMain : 1. Register
2025-11-09 11:35:08,981 INFO  [main] o.e.controller.SocialMediaAppMain : 2. Login
2025-11-09 11:35:08,981 INFO  [main] o.e.controller.SocialMediaAppMain : 3. Exit
2025-11-09 11:35:08,989 INFO  [main] o.e.controller.SocialMediaAppMain : Enter your choice: 
2025-11-09 11:38:54,498 INFO  [main] o.e.controller.SocialMediaAppMain : =========== SOCIAL MEDIA APP ===========
2025-11-09 11:38:54,500 INFO  [main] o.e.controller.SocialMediaAppMain : 
------ MAIN MENU ------
2025-11-09 11:38:54,500 INFO  [main] o.e.controller.SocialMediaAppMain : 1. Register
2025-11-09 11:38:54,500 INFO  [main] o.e.controller.SocialMediaAppMain : 2. Login
2025-11-09 11:38:54,500 INFO  [main] o.e.controller.SocialMediaAppMain : 3. Exit
2025-11-09 11:38:54,501 INFO  [main] o.e.controller.SocialMediaAppMain : Enter your choice: 
2025-11-09 11:48:43,076 INFO  [main] o.e.controller.SocialMediaAppMain : =========== SOCIAL MEDIA APP ===========
2025-11-09 11:48:43,078 INFO  [main] o.e.controller.SocialMediaAppMain : 
------ MAIN MENU ------
2025-11-09 11:48:43,078 INFO  [main] o.e.controller.SocialMediaAppMain : 1. Register
2025-11-09 11:48:43,078 INFO  [main] o.e.controller.SocialMediaAppMain : 2. Login
2025-11-09 11:48:43,078 INFO  [main] o.e.controller.SocialMediaAppMain : 3. Exit
2025-11-09 11:48:43,078 INFO  [main] o.e.controller.SocialMediaAppMain : Enter your choice: 
2025-11-09 12:38:34,715 INFO  [main] o.e.controller.SocialMediaAppMain : 
--- User Login ---
2025-11-09 12:38:34,716 INFO  [main] o.e.controller.SocialMediaAppMain : Enter Username: 
2025-11-09 12:38:50,689 INFO  [main] o.e.controller.SocialMediaAppMain : Enter Password: 
2025-11-09 12:38:54,586 INFO  [main] o.e.controller.SocialMediaAppMain : Did login show 'Login successful'? (y/n): 
2025-11-09 12:39:07,787 INFO  [main] o.e.controller.SocialMediaAppMain : 
Welcome, sudha!
2025-11-09 12:39:07,788 INFO  [main] o.e.controller.SocialMediaAppMain : 
------ SOCIAL MENU (Logged in as sudha) ------
2025-11-09 12:39:07,788 INFO  [main] o.e.controller.SocialMediaAppMain : 1. View Profile
2025-11-09 12:39:07,788 INFO  [main] o.e.controller.SocialMediaAppMain : 2. Create Profile
2025-11-09 12:39:07,789 INFO  [main] o.e.controller.SocialMediaAppMain : 3. Update Profile
2025-11-09 12:39:07,789 INFO  [main] o.e.controller.SocialMediaAppMain : 4. Send Friend Request
2025-11-09 12:39:07,789 INFO  [main] o.e.controller.SocialMediaAppMain : 5. View Pending Requests
2025-11-09 12:39:07,789 INFO  [main] o.e.controller.SocialMediaAppMain : 6. Accept Friend Request
2025-11-09 12:39:07,789 INFO  [main] o.e.controller.SocialMediaAppMain : 7. Follow User
2025-11-09 12:39:07,789 INFO  [main] o.e.controller.SocialMediaAppMain : 8. Unfollow User
2025-11-09 12:39:07,789 INFO  [main] o.e.controller.SocialMediaAppMain : 9. View Followers
2025-11-09 12:39:07,789 INFO  [main] o.e.controller.SocialMediaAppMain : 10. View Following
2025-11-09 12:39:07,789 INFO  [main] o.e.controller.SocialMediaAppMain : 11. Logout
2025-11-09 12:39:07,789 INFO  [main] o.e.controller.SocialMediaAppMain : Enter your choice: 
2025-11-09 12:39:11,839 INFO  [main] o.e.controller.SocialMediaAppMain : Logging out..
2025-11-09 12:39:11,840 INFO  [main] o.e.controller.SocialMediaAppMain : 
------ MAIN MENU ------
2025-11-09 12:39:11,840 INFO  [main] o.e.controller.SocialMediaAppMain : 1. Register
2025-11-09 12:39:11,840 INFO  [main] o.e.controller.SocialMediaAppMain : 2. Login
2025-11-09 12:39:11,840 INFO  [main] o.e.controller.SocialMediaAppMain : 3. Exit
2025-11-09 12:39:11,840 INFO  [main] o.e.controller.SocialMediaAppMain : Enter your choice: 
2025-11-09 12:39:23,507 INFO  [main] o.e.controller.SocialMediaAppMain : 
--- User Login ---
2025-11-09 12:39:23,507 INFO  [main] o.e.controller.SocialMediaAppMain : Enter Username: 
2025-11-09 12:39:34,347 INFO  [main] o.e.controller.SocialMediaAppMain : Enter Password: 
2025-11-09 12:39:38,391 INFO  [main] o.e.controller.SocialMediaAppMain : Did login show 'Login successful'? (y/n): 
2025-11-09 12:39:44,827 INFO  [main] o.e.controller.SocialMediaAppMain : 
Welcome, keshav!
2025-11-09 12:39:44,828 INFO  [main] o.e.controller.SocialMediaAppMain : 
------ SOCIAL MENU (Logged in as keshav) ------
2025-11-09 12:39:44,828 INFO  [main] o.e.controller.SocialMediaAppMain : 1. View Profile
2025-11-09 12:39:44,828 INFO  [main] o.e.controller.SocialMediaAppMain : 2. Create Profile
2025-11-09 12:39:44,828 INFO  [main] o.e.controller.SocialMediaAppMain : 3. Update Profile
2025-11-09 12:39:44,828 INFO  [main] o.e.controller.SocialMediaAppMain : 4. Send Friend Request
2025-11-09 12:39:44,828 INFO  [main] o.e.controller.SocialMediaAppMain : 5. View Pending Requests
2025-11-09 12:39:44,828 INFO  [main] o.e.controller.SocialMediaAppMain : 6. Accept Friend Request
2025-11-09 12:39:44,828 INFO  [main] o.e.controller.SocialMediaAppMain : 7. Follow User
2025-11-09 12:39:44,829 INFO  [main] o.e.controller.SocialMediaAppMain : 8. Unfollow User
2025-11-09 12:39:44,829 INFO  [main] o.e.controller.SocialMediaAppMain : 9. View Followers
2025-11-09 12:39:44,829 INFO  [main] o.e.controller.SocialMediaAppMain : 10. View Following
2025-11-09 12:39:44,829 INFO  [main] o.e.controller.SocialMediaAppMain : 11. Logout
2025-11-09 12:39:44,829 INFO  [main] o.e.controller.SocialMediaAppMain : Enter your choice: 
2025-11-09 12:39:49,103 INFO  [main] o.e.controller.SocialMediaAppMain : Enter new Bio: 
2025-11-09 16:12:29,553 INFO  [main] o.e.controller.SocialMediaAppMain : =========== SOCIAL MEDIA APP ===========
2025-11-09 16:12:29,555 INFO  [main] o.e.controller.SocialMediaAppMain : 
------ MAIN MENU ------
2025-11-09 16:12:29,555 INFO  [main] o.e.controller.SocialMediaAppMain : 1. Register
2025-11-09 16:12:29,555 INFO  [main] o.e.controller.SocialMediaAppMain : 2. Login
2025-11-09 16:12:29,555 INFO  [main] o.e.controller.SocialMediaAppMain : 3. Exit
2025-11-09 16:12:29,555 INFO  [main] o.e.controller.SocialMediaAppMain : Enter your choice: 
2025-11-09 18:43:46,529 INFO  [main] o.e.controller.SocialMediaAppMain : =========== SOCIAL MEDIA APP ===========
2025-11-09 18:43:46,531 INFO  [main] o.e.controller.SocialMediaAppMain : 
------ MAIN MENU ------
2025-11-09 18:43:46,531 INFO  [main] o.e.controller.SocialMediaAppMain : 1. Register
2025-11-09 18:43:46,531 INFO  [main] o.e.controller.SocialMediaAppMain : 2. Login
2025-11-09 18:43:46,531 INFO  [main] o.e.controller.SocialMediaAppMain : 3. Exit
2025-11-09 18:43:46,531 INFO  [main] o.e.controller.SocialMediaAppMain : Enter your choice: 
2025-11-09 18:43:54,604 INFO  [main] o.e.controller.SocialMediaAppMain : 
--- Register New User ---
2025-11-09 18:43:54,605 INFO  [main] o.e.controller.SocialMediaAppMain : Enter Username: 
2025-11-09 18:44:20,124 INFO  [main] o.e.controller.SocialMediaAppMain : =========== SOCIAL MEDIA APP ===========
2025-11-09 18:44:20,125 INFO  [main] o.e.controller.SocialMediaAppMain : 
------ MAIN MENU ------
2025-11-09 18:44:20,125 INFO  [main] o.e.controller.SocialMediaAppMain : 1. Register
2025-11-09 18:44:20,125 INFO  [main] o.e.controller.SocialMediaAppMain : 2. Login
2025-11-09 18:44:20,125 INFO  [main] o.e.controller.SocialMediaAppMain : 3. Exit
2025-11-09 18:44:20,126 INFO  [main] o.e.controller.SocialMediaAppMain : Enter your choice: 
2025-11-09 18:44:24,710 INFO  [main] o.e.controller.SocialMediaAppMain : 
--- Register New User ---
2025-11-09 18:44:24,711 INFO  [main] o.e.controller.SocialMediaAppMain : Enter Username: 
2025-11-09 18:44:36,535 INFO  [main] o.e.controller.SocialMediaAppMain : Enter Full Name: 
2025-11-09 18:44:41,713 INFO  [main] o.e.controller.SocialMediaAppMain : Enter Email: 
2025-11-09 18:44:56,422 INFO  [main] o.e.controller.SocialMediaAppMain : Enter Password: 
2025-11-09 18:45:01,850 INFO  [main] o.e.controller.SocialMediaAppMain : 
------ MAIN MENU ------
2025-11-09 18:45:01,850 INFO  [main] o.e.controller.SocialMediaAppMain : 1. Register
2025-11-09 18:45:01,850 INFO  [main] o.e.controller.SocialMediaAppMain : 2. Login
2025-11-09 18:45:01,850 INFO  [main] o.e.controller.SocialMediaAppMain : 3. Exit
2025-11-09 18:45:01,850 INFO  [main] o.e.controller.SocialMediaAppMain : Enter your choice: 
2025-11-09 18:45:05,949 INFO  [main] o.e.controller.SocialMediaAppMain : 
--- User Login ---
2025-11-09 18:45:05,949 INFO  [main] o.e.controller.SocialMediaAppMain : Enter Username: 
2025-11-09 18:45:15,731 INFO  [main] o.e.controller.SocialMediaAppMain : Enter Password: 
2025-11-09 18:45:20,391 INFO  [main] o.e.controller.SocialMediaAppMain : Did login show 'Login successful'? (y/n): 
2025-11-09 18:45:28,378 INFO  [main] o.e.controller.SocialMediaAppMain : 
Welcome, saideep2406!
2025-11-09 18:45:28,379 INFO  [main] o.e.controller.SocialMediaAppMain : 
------ SOCIAL MENU (Logged in as saideep2406) ------
2025-11-09 18:45:28,379 INFO  [main] o.e.controller.SocialMediaAppMain : 1. View Profile
2025-11-09 18:45:28,379 INFO  [main] o.e.controller.SocialMediaAppMain : 2. Create Profile
2025-11-09 18:45:28,379 INFO  [main] o.e.controller.SocialMediaAppMain : 3. Update Profile
2025-11-09 18:45:28,379 INFO  [main] o.e.controller.SocialMediaAppMain : 4. Send Friend Request
2025-11-09 18:45:28,379 INFO  [main] o.e.controller.SocialMediaAppMain : 5. View Pending Requests
2025-11-09 18:45:28,379 INFO  [main] o.e.controller.SocialMediaAppMain : 6. Accept Friend Request
2025-11-09 18:45:28,379 INFO  [main] o.e.controller.SocialMediaAppMain : 7. Follow User
2025-11-09 18:45:28,379 INFO  [main] o.e.controller.SocialMediaAppMain : 8. Unfollow User
2025-11-09 18:45:28,379 INFO  [main] o.e.controller.SocialMediaAppMain : 9. View Followers
2025-11-09 18:45:28,379 INFO  [main] o.e.controller.SocialMediaAppMain : 10. View Following
2025-11-09 18:45:28,379 INFO  [main] o.e.controller.SocialMediaAppMain : 11. Logout
2025-11-09 18:45:28,379 INFO  [main] o.e.controller.SocialMediaAppMain : Enter your choice: 
2025-11-09 23:53:24,140 INFO  [main] o.e.controller.SocialMediaAppMain : =========== SOCIAL MEDIA APP ===========
2025-11-09 23:53:24,141 INFO  [main] o.e.controller.SocialMediaAppMain : 
------ MAIN MENU ------
2025-11-09 23:53:24,141 INFO  [main] o.e.controller.SocialMediaAppMain : 1. Register
2025-11-09 23:53:24,141 INFO  [main] o.e.controller.SocialMediaAppMain : 2. Login
2025-11-09 23:53:24,141 INFO  [main] o.e.controller.SocialMediaAppMain : 4. Exit
2025-11-09 23:53:24,141 INFO  [main] o.e.controller.SocialMediaAppMain : Enter your choice: 
