2025-11-10 00:17:02,859 INFO  [main] o.e.controller.SocialMediaAppMain : =========== SOCIAL MEDIA APP ===========
2025-11-10 00:17:02,863 INFO  [main] o.e.controller.SocialMediaAppMain : 
------ MAIN MENU ------
2025-11-10 00:17:02,865 INFO  [main] o.e.controller.SocialMediaAppMain : 1. Register
2025-11-10 00:17:02,865 INFO  [main] o.e.controller.SocialMediaAppMain : 2. Login
2025-11-10 00:17:02,865 INFO  [main] o.e.controller.SocialMediaAppMain : 3. Exit
2025-11-10 00:17:02,865 INFO  [main] o.e.controller.SocialMediaAppMain : Enter your choice: 
2025-11-10 00:31:00,472 INFO  [main] o.e.controller.SocialMediaAppMain : =========== SOCIAL MEDIA APP ===========
2025-11-10 00:31:00,473 INFO  [main] o.e.controller.SocialMediaAppMain : 
------ MAIN MENU ------
2025-11-10 00:31:00,482 INFO  [main] o.e.controller.SocialMediaAppMain : 1. Register
2025-11-10 00:31:00,482 INFO  [main] o.e.controller.SocialMediaAppMain : 2. Login
2025-11-10 00:31:00,482 INFO  [main] o.e.controller.SocialMediaAppMain : 3. Exit
2025-11-10 00:31:00,482 INFO  [main] o.e.controller.SocialMediaAppMain : Enter your choice: 
2025-11-10 00:32:02,572 INFO  [main] o.e.controller.SocialMediaAppMain : =========== SOCIAL MEDIA APP ===========
2025-11-10 00:32:02,574 INFO  [main] o.e.controller.SocialMediaAppMain : 
------ MAIN MENU ------
2025-11-10 00:32:02,574 INFO  [main] o.e.controller.SocialMediaAppMain : 1. Register
2025-11-10 00:32:02,574 INFO  [main] o.e.controller.SocialMediaAppMain : 2. Login
2025-11-10 00:32:02,574 INFO  [main] o.e.controller.SocialMediaAppMain : 3. Exit
2025-11-10 00:32:02,574 INFO  [main] o.e.controller.SocialMediaAppMain : Enter your choice: 
2025-11-10 00:32:10,692 INFO  [main] o.e.controller.SocialMediaAppMain : 
--- User Login ---
2025-11-10 00:32:10,692 INFO  [main] o.e.controller.SocialMediaAppMain : Enter Username: 
2025-11-10 00:32:15,974 INFO  [main] o.e.controller.SocialMediaAppMain : Enter Password: 
2025-11-10 00:32:20,633 INFO  [main] o.e.controller.SocialMediaAppMain : Login successful
2025-11-10 00:32:20,633 INFO  [main] o.e.controller.SocialMediaAppMain : Did login show 'Login successful'? (y/n): 
2025-11-10 00:32:28,204 INFO  [main] o.e.controller.SocialMediaAppMain : 
Welcome, keshav!
2025-11-10 00:32:28,205 INFO  [main] o.e.controller.SocialMediaAppMain : 
------ SOCIAL MENU (Logged in as keshav) ------
2025-11-10 00:32:28,205 INFO  [main] o.e.controller.SocialMediaAppMain : 1. View Profile
2025-11-10 00:32:28,205 INFO  [main] o.e.controller.SocialMediaAppMain : 2. Create Profile
2025-11-10 00:32:28,205 INFO  [main] o.e.controller.SocialMediaAppMain : 3. Update Profile
2025-11-10 00:32:28,205 INFO  [main] o.e.controller.SocialMediaAppMain : 4. Send Friend Request
2025-11-10 00:32:28,205 INFO  [main] o.e.controller.SocialMediaAppMain : 5. View Pending Requests
2025-11-10 00:32:28,205 INFO  [main] o.e.controller.SocialMediaAppMain : 6. Accept Friend Request
2025-11-10 00:32:28,205 INFO  [main] o.e.controller.SocialMediaAppMain : 7. Follow User
2025-11-10 00:32:28,205 INFO  [main] o.e.controller.SocialMediaAppMain : 8. Unfollow User
2025-11-10 00:32:28,205 INFO  [main] o.e.controller.SocialMediaAppMain : 9. View Followers
2025-11-10 00:32:28,205 INFO  [main] o.e.controller.SocialMediaAppMain : 10. View Following
2025-11-10 00:32:28,205 INFO  [main] o.e.controller.SocialMediaAppMain : 11. Logout
2025-11-10 00:32:28,205 INFO  [main] o.e.controller.SocialMediaAppMain : Enter your choice: 
2025-11-10 00:32:31,447 INFO  [main] o.e.controller.SocialMediaAppMain : Logging out..
2025-11-10 00:32:31,447 INFO  [main] o.e.controller.SocialMediaAppMain : 
------ MAIN MENU ------
2025-11-10 00:32:31,448 INFO  [main] o.e.controller.SocialMediaAppMain : 1. Register
2025-11-10 00:32:31,448 INFO  [main] o.e.controller.SocialMediaAppMain : 2. Login
2025-11-10 00:32:31,448 INFO  [main] o.e.controller.SocialMediaAppMain : 3. Exit
2025-11-10 00:32:31,448 INFO  [main] o.e.controller.SocialMediaAppMain : Enter your choice: 
2025-11-10 00:33:29,045 INFO  [main] o.e.controller.SocialMediaAppMain : =========== SOCIAL MEDIA APP ===========
2025-11-10 00:33:29,047 INFO  [main] o.e.controller.SocialMediaAppMain : 
------ MAIN MENU ------
2025-11-10 00:33:29,047 INFO  [main] o.e.controller.SocialMediaAppMain : 1. Register
2025-11-10 00:33:29,047 INFO  [main] o.e.controller.SocialMediaAppMain : 2. Login
2025-11-10 00:33:29,048 INFO  [main] o.e.controller.SocialMediaAppMain : 3. Exit
2025-11-10 00:33:29,048 INFO  [main] o.e.controller.SocialMediaAppMain : Enter your choice: 
2025-11-10 00:40:17,035 INFO  [main] o.e.controller.SocialMediaAppMain : =========== SOCIAL MEDIA APP ===========
2025-11-10 00:40:17,037 INFO  [main] o.e.controller.SocialMediaAppMain : 
------ MAIN MENU ------
2025-11-10 00:40:17,037 INFO  [main] o.e.controller.SocialMediaAppMain : 1. Register
2025-11-10 00:40:17,037 INFO  [main] o.e.controller.SocialMediaAppMain : 2. Login
2025-11-10 00:40:17,037 INFO  [main] o.e.controller.SocialMediaAppMain : 3. Exit
2025-11-10 00:40:17,037 INFO  [main] o.e.controller.SocialMediaAppMain : Enter your choice: 
2025-11-10 00:40:54,124 INFO  [main] o.e.controller.SocialMediaAppMain : 
------ MAIN MENU ------
2025-11-10 00:40:54,124 INFO  [main] o.e.controller.SocialMediaAppMain : 1. Register
2025-11-10 00:40:54,124 INFO  [main] o.e.controller.SocialMediaAppMain : 2. Login
2025-11-10 00:40:54,124 INFO  [main] o.e.controller.SocialMediaAppMain : 3. Exit
2025-11-10 00:40:54,124 INFO  [main] o.e.controller.SocialMediaAppMain : Enter your choice: 
2025-11-10 00:40:59,517 INFO  [main] o.e.controller.SocialMediaAppMain : 
--- Register New User ---
2025-11-10 00:40:59,517 INFO  [main] o.e.controller.SocialMediaAppMain : Enter Username: 
2025-11-10 00:41:05,572 INFO  [main] o.e.controller.SocialMediaAppMain : Enter Full Name: 
2025-11-10 00:41:13,232 INFO  [main] o.e.controller.SocialMediaAppMain : Enter Email: 
2025-11-10 00:41:27,783 INFO  [main] o.e.controller.SocialMediaAppMain : Enter Password: 
2025-11-10 00:41:52,616 INFO  [main] o.e.controller.SocialMediaAppMain : Registration successful
2025-11-10 00:41:52,616 INFO  [main] o.e.controller.SocialMediaAppMain : 
------ MAIN MENU ------
2025-11-10 00:41:52,616 INFO  [main] o.e.controller.SocialMediaAppMain : 1. Register
2025-11-10 00:41:52,616 INFO  [main] o.e.controller.SocialMediaAppMain : 2. Login
2025-11-10 00:41:52,616 INFO  [main] o.e.controller.SocialMediaAppMain : 3. Exit
2025-11-10 00:41:52,616 INFO  [main] o.e.controller.SocialMediaAppMain : Enter your choice: 
2025-11-10 00:43:40,541 INFO  [main] o.e.controller.SocialMediaAppMain : 
------ MAIN MENU ------
2025-11-10 00:43:40,541 INFO  [main] o.e.controller.SocialMediaAppMain : 1. Register
2025-11-10 00:43:40,541 INFO  [main] o.e.controller.SocialMediaAppMain : 2. Login
2025-11-10 00:43:40,541 INFO  [main] o.e.controller.SocialMediaAppMain : 3. Exit
2025-11-10 00:43:40,541 INFO  [main] o.e.controller.SocialMediaAppMain : Enter your choice: 
2025-11-10 00:44:45,042 INFO  [main] o.e.controller.SocialMediaAppMain : 
------ MAIN MENU ------
2025-11-10 00:44:45,043 INFO  [main] o.e.controller.SocialMediaAppMain : 1. Register
2025-11-10 00:44:45,043 INFO  [main] o.e.controller.SocialMediaAppMain : 2. Login
2025-11-10 00:44:45,043 INFO  [main] o.e.controller.SocialMediaAppMain : 3. Exit
2025-11-10 00:44:45,043 INFO  [main] o.e.controller.SocialMediaAppMain : Enter your choice: 
2025-11-10 00:49:47,482 INFO  [main] o.e.controller.SocialMediaAppMain : =========== SOCIAL MEDIA APP ===========
2025-11-10 00:49:47,486 INFO  [main] o.e.controller.SocialMediaAppMain : 
------ MAIN MENU ------
2025-11-10 00:49:47,487 INFO  [main] o.e.controller.SocialMediaAppMain : 1. Register
2025-11-10 00:49:47,487 INFO  [main] o.e.controller.SocialMediaAppMain : 2. Login
2025-11-10 00:49:47,487 INFO  [main] o.e.controller.SocialMediaAppMain : 3. Exit
2025-11-10 00:49:47,487 INFO  [main] o.e.controller.SocialMediaAppMain : Enter your choice: 
2025-11-10 00:50:16,488 INFO  [main] o.e.controller.SocialMediaAppMain : 
------ MAIN MENU ------
2025-11-10 00:50:16,489 INFO  [main] o.e.controller.SocialMediaAppMain : 1. Register
2025-11-10 00:50:16,489 INFO  [main] o.e.controller.SocialMediaAppMain : 2. Login
2025-11-10 00:50:16,489 INFO  [main] o.e.controller.SocialMediaAppMain : 3. Exit
2025-11-10 00:50:16,489 INFO  [main] o.e.controller.SocialMediaAppMain : Enter your choice: 
2025-11-10 00:50:42,287 INFO  [main] o.e.controller.SocialMediaAppMain : 
------ MAIN MENU ------
2025-11-10 00:50:42,287 INFO  [main] o.e.controller.SocialMediaAppMain : 1. Register
2025-11-10 00:50:42,287 INFO  [main] o.e.controller.SocialMediaAppMain : 2. Login
2025-11-10 00:50:42,287 INFO  [main] o.e.controller.SocialMediaAppMain : 3. Exit
2025-11-10 00:50:42,287 INFO  [main] o.e.controller.SocialMediaAppMain : Enter your choice: 
2025-11-10 00:52:00,490 INFO  [main] o.e.controller.SocialMediaAppMain : 
------ MAIN MENU ------
2025-11-10 00:52:00,490 INFO  [main] o.e.controller.SocialMediaAppMain : 1. Register
2025-11-10 00:52:00,490 INFO  [main] o.e.controller.SocialMediaAppMain : 2. Login
2025-11-10 00:52:00,490 INFO  [main] o.e.controller.SocialMediaAppMain : 3. Exit
2025-11-10 00:52:00,490 INFO  [main] o.e.controller.SocialMediaAppMain : Enter your choice: 
2025-11-10 01:02:04,608 INFO  [main] o.e.controller.SocialMediaAppMain : =========== SOCIAL MEDIA APP ===========
2025-11-10 01:02:04,612 INFO  [main] o.e.controller.SocialMediaAppMain : 
------ MAIN MENU ------
2025-11-10 01:02:04,612 INFO  [main] o.e.controller.SocialMediaAppMain : 1. Register
2025-11-10 01:02:04,612 INFO  [main] o.e.controller.SocialMediaAppMain : 2. Login
2025-11-10 01:02:04,612 INFO  [main] o.e.controller.SocialMediaAppMain : 3. Forgot Password
2025-11-10 01:02:04,612 INFO  [main] o.e.controller.SocialMediaAppMain : 4. Exit
2025-11-10 01:02:04,612 WARN  [main] o.e.controller.SocialMediaAppMain : Enter your choice: 
2025-11-10 08:48:38,911 INFO  [main] o.e.controller.SocialMediaAppMain : =========== SOCIAL MEDIA APP ===========
2025-11-10 08:48:38,914 INFO  [main] o.e.controller.SocialMediaAppMain : 
------ MAIN MENU ------
2025-11-10 08:48:38,914 INFO  [main] o.e.controller.SocialMediaAppMain : 1. Register
2025-11-10 08:48:38,914 INFO  [main] o.e.controller.SocialMediaAppMain : 2. Login
2025-11-10 08:48:38,914 INFO  [main] o.e.controller.SocialMediaAppMain : 3. Forgot Password
2025-11-10 08:48:38,914 INFO  [main] o.e.controller.SocialMediaAppMain : 4. Exit
2025-11-10 08:48:38,914 WARN  [main] o.e.controller.SocialMediaAppMain : Enter your choice: 
2025-11-10 08:48:46,749 INFO  [main] o.e.controller.SocialMediaAppMain : 
--- Register New User ---
2025-11-10 08:48:46,750 INFO  [main] o.e.controller.SocialMediaAppMain : Enter Username: 
2025-11-10 08:48:54,339 INFO  [main] o.e.controller.SocialMediaAppMain : Enter Full Name: 
2025-11-10 08:48:59,451 INFO  [main] o.e.controller.SocialMediaAppMain : Enter Email: 
2025-11-10 08:49:23,432 INFO  [main] o.e.controller.SocialMediaAppMain : Enter Password: 
2025-11-10 08:49:34,518 INFO  [main] o.e.controller.SocialMediaAppMain : Registration successful
2025-11-10 08:49:34,519 INFO  [main] o.e.controller.SocialMediaAppMain : 
------ MAIN MENU ------
2025-11-10 08:49:34,519 INFO  [main] o.e.controller.SocialMediaAppMain : 1. Register
2025-11-10 08:49:34,519 INFO  [main] o.e.controller.SocialMediaAppMain : 2. Login
2025-11-10 08:49:34,519 INFO  [main] o.e.controller.SocialMediaAppMain : 3. Forgot Password
2025-11-10 08:49:34,519 INFO  [main] o.e.controller.SocialMediaAppMain : 4. Exit
2025-11-10 08:49:34,519 WARN  [main] o.e.controller.SocialMediaAppMain : Enter your choice: 
2025-11-10 08:49:50,987 INFO  [main] o.e.controller.SocialMediaAppMain : Enter the OTP you received: 
2025-11-10 08:50:09,447 INFO  [main] o.e.controller.SocialMediaAppMain : Enter new password: 
2025-11-10 08:50:16,428 INFO  [main] o.e.controller.SocialMediaAppMain : Confirm new password: 
2025-11-10 08:50:19,428 WARN  [main] o.e.controller.SocialMediaAppMain : Passwords do not match!
2025-11-10 08:50:19,428 INFO  [main] o.e.controller.SocialMediaAppMain : 
------ MAIN MENU ------
2025-11-10 08:50:19,428 INFO  [main] o.e.controller.SocialMediaAppMain : 1. Register
2025-11-10 08:50:19,428 INFO  [main] o.e.controller.SocialMediaAppMain : 2. Login
2025-11-10 08:50:19,428 INFO  [main] o.e.controller.SocialMediaAppMain : 3. Forgot Password
2025-11-10 08:50:19,429 INFO  [main] o.e.controller.SocialMediaAppMain : 4. Exit
2025-11-10 08:50:19,429 WARN  [main] o.e.controller.SocialMediaAppMain : Enter your choice: 
2025-11-10 08:50:39,509 INFO  [main] o.e.controller.SocialMediaAppMain : Exiting... Thank you!
